2020-07-27 21:18:05 [restartedMain] INFO  com.PetkartApplication -

  No active profile set, falling back to default profiles: default
2020-07-27 21:18:50 [restartedMain] WARN  c.n.c.sources.URLConfigurationSource -

  No URLs will be polled as dynamic configuration sources.
2020-07-27 21:18:50 [restartedMain] INFO  c.n.c.sources.URLConfigurationSource -

  To enable URLs as dynamic configuration sources, define System property archaius.configurationSource.additionalUrls or make config.properties available on classpath.
2020-07-27 21:18:50 [restartedMain] DEBUG c.n.hystrix.strategy.HystrixPlugins -

  Created HystrixDynamicProperties. Using class : com.netflix.hystrix.strategy.properties.archaius.HystrixDynamicPropertiesArchaius
2020-07-27 21:18:50 [restartedMain] INFO  c.n.config.DynamicPropertyFactory -

  DynamicPropertyFactory is initialized with configuration sources: com.netflix.config.ConcurrentCompositeConfiguration@9c3708d
2020-07-27 21:18:50 [restartedMain] DEBUG com.zaxxer.hikari.HikariConfig -

  Driver class com.mysql.cj.jdbc.Driver found in Thread context class loader org.springframework.boot.devtools.restart.classloader.RestartClassLoader@2e0dacd6
2020-07-27 21:19:12 [task-1] DEBUG com.zaxxer.hikari.HikariConfig -

  HikariPool-1 - configuration:
2020-07-27 21:19:12 [task-1] DEBUG com.zaxxer.hikari.HikariConfig -

  allowPoolSuspension.............false
2020-07-27 21:19:12 [task-1] DEBUG com.zaxxer.hikari.HikariConfig -

  autoCommit......................true
2020-07-27 21:19:12 [task-1] DEBUG com.zaxxer.hikari.HikariConfig -

  catalog.........................none
2020-07-27 21:19:12 [task-1] DEBUG com.zaxxer.hikari.HikariConfig -

  connectionInitSql...............none
2020-07-27 21:19:12 [task-1] DEBUG com.zaxxer.hikari.HikariConfig -

  connectionTestQuery.............none
2020-07-27 21:19:12 [task-1] DEBUG com.zaxxer.hikari.HikariConfig -

  connectionTimeout...............30000
2020-07-27 21:19:12 [task-1] DEBUG com.zaxxer.hikari.HikariConfig -

  dataSource......................none
2020-07-27 21:19:12 [task-1] DEBUG com.zaxxer.hikari.HikariConfig -

  dataSourceClassName.............none
2020-07-27 21:19:12 [task-1] DEBUG com.zaxxer.hikari.HikariConfig -

  dataSourceJNDI..................none
2020-07-27 21:19:12 [task-1] DEBUG com.zaxxer.hikari.HikariConfig -

  dataSourceProperties............{password=<masked>}
2020-07-27 21:19:12 [task-1] DEBUG com.zaxxer.hikari.HikariConfig -

  driverClassName................."com.mysql.cj.jdbc.Driver"
2020-07-27 21:19:12 [task-1] DEBUG com.zaxxer.hikari.HikariConfig -

  exceptionOverrideClassName......none
2020-07-27 21:19:12 [task-1] DEBUG com.zaxxer.hikari.HikariConfig -

  healthCheckProperties...........{}
2020-07-27 21:19:12 [task-1] DEBUG com.zaxxer.hikari.HikariConfig -

  healthCheckRegistry.............none
2020-07-27 21:19:12 [task-1] DEBUG com.zaxxer.hikari.HikariConfig -

  idleTimeout.....................600000
2020-07-27 21:19:12 [task-1] DEBUG com.zaxxer.hikari.HikariConfig -

  initializationFailTimeout.......1
2020-07-27 21:19:12 [task-1] DEBUG com.zaxxer.hikari.HikariConfig -

  isolateInternalQueries..........false
2020-07-27 21:19:12 [task-1] DEBUG com.zaxxer.hikari.HikariConfig -

  jdbcUrl.........................jdbc:mysql://localhost:3306/petkart
2020-07-27 21:19:12 [task-1] DEBUG com.zaxxer.hikari.HikariConfig -

  leakDetectionThreshold..........0
2020-07-27 21:19:12 [task-1] DEBUG com.zaxxer.hikari.HikariConfig -

  maxLifetime.....................1800000
2020-07-27 21:19:12 [task-1] DEBUG com.zaxxer.hikari.HikariConfig -

  maximumPoolSize.................10
2020-07-27 21:19:12 [task-1] DEBUG com.zaxxer.hikari.HikariConfig -

  metricRegistry..................none
2020-07-27 21:19:12 [task-1] DEBUG com.zaxxer.hikari.HikariConfig -

  metricsTrackerFactory...........none
2020-07-27 21:19:12 [task-1] DEBUG com.zaxxer.hikari.HikariConfig -

  minimumIdle.....................10
2020-07-27 21:19:12 [task-1] DEBUG com.zaxxer.hikari.HikariConfig -

  password........................<masked>
2020-07-27 21:19:12 [task-1] DEBUG com.zaxxer.hikari.HikariConfig -

  poolName........................"HikariPool-1"
2020-07-27 21:19:12 [task-1] DEBUG com.zaxxer.hikari.HikariConfig -

  readOnly........................false
2020-07-27 21:19:12 [task-1] DEBUG com.zaxxer.hikari.HikariConfig -

  registerMbeans..................false
2020-07-27 21:19:12 [task-1] DEBUG com.zaxxer.hikari.HikariConfig -

  scheduledExecutor...............none
2020-07-27 21:19:12 [task-1] DEBUG com.zaxxer.hikari.HikariConfig -

  schema..........................none
2020-07-27 21:19:12 [task-1] DEBUG com.zaxxer.hikari.HikariConfig -

  threadFactory...................internal
2020-07-27 21:19:12 [task-1] DEBUG com.zaxxer.hikari.HikariConfig -

  transactionIsolation............default
2020-07-27 21:19:12 [task-1] DEBUG com.zaxxer.hikari.HikariConfig -

  username........................"root"
2020-07-27 21:19:12 [task-1] DEBUG com.zaxxer.hikari.HikariConfig -

  validationTimeout...............5000
2020-07-27 21:19:12 [task-1] INFO  com.zaxxer.hikari.HikariDataSource -

  HikariPool-1 - Starting...
2020-07-27 21:19:25 [task-1] DEBUG com.zaxxer.hikari.pool.PoolBase -

  HikariPool-1 - Failed to create/setup connection: Communications link failure

The last packet sent successfully to the server was 0 milliseconds ago. The driver has not received any packets from the server.
2020-07-27 21:19:25 [task-1] DEBUG com.zaxxer.hikari.pool.HikariPool -

  HikariPool-1 - Cannot acquire connection from data source
com.mysql.cj.jdbc.exceptions.CommunicationsException: Communications link failure

The last packet sent successfully to the server was 0 milliseconds ago. The driver has not received any packets from the server.
	at com.mysql.cj.jdbc.exceptions.SQLError.createCommunicationsException(SQLError.java:174)
	at com.mysql.cj.jdbc.exceptions.SQLExceptionsMapping.translateException(SQLExceptionsMapping.java:64)
	at com.mysql.cj.jdbc.ConnectionImpl.createNewIO(ConnectionImpl.java:836)
	at com.mysql.cj.jdbc.ConnectionImpl.<init>(ConnectionImpl.java:456)
	at com.mysql.cj.jdbc.ConnectionImpl.getInstance(ConnectionImpl.java:246)
	at com.mysql.cj.jdbc.NonRegisteringDriver.connect(NonRegisteringDriver.java:197)
	at com.zaxxer.hikari.util.DriverDataSource.getConnection(DriverDataSource.java:138)
	at com.zaxxer.hikari.pool.PoolBase.newConnection(PoolBase.java:358)
	at com.zaxxer.hikari.pool.PoolBase.newPoolEntry(PoolBase.java:206)
	at com.zaxxer.hikari.pool.HikariPool.createPoolEntry(HikariPool.java:477)
	at com.zaxxer.hikari.pool.HikariPool.checkFailFast(HikariPool.java:560)
	at com.zaxxer.hikari.pool.HikariPool.<init>(HikariPool.java:115)
	at com.zaxxer.hikari.HikariDataSource.getConnection(HikariDataSource.java:112)
	at org.hibernate.engine.jdbc.connections.internal.DatasourceConnectionProviderImpl.getConnection(DatasourceConnectionProviderImpl.java:122)
	at org.hibernate.engine.jdbc.env.internal.JdbcEnvironmentInitiator$ConnectionProviderJdbcConnectionAccess.obtainConnection(JdbcEnvironmentInitiator.java:180)
	at org.hibernate.engine.jdbc.env.internal.JdbcEnvironmentInitiator.initiateService(JdbcEnvironmentInitiator.java:68)
	at org.hibernate.engine.jdbc.env.internal.JdbcEnvironmentInitiator.initiateService(JdbcEnvironmentInitiator.java:35)
	at org.hibernate.boot.registry.internal.StandardServiceRegistryImpl.initiateService(StandardServiceRegistryImpl.java:101)
	at org.hibernate.service.internal.AbstractServiceRegistryImpl.createService(AbstractServiceRegistryImpl.java:263)
	at org.hibernate.service.internal.AbstractServiceRegistryImpl.initializeService(AbstractServiceRegistryImpl.java:237)
	at org.hibernate.service.internal.AbstractServiceRegistryImpl.getService(AbstractServiceRegistryImpl.java:214)
	at org.hibernate.id.factory.internal.DefaultIdentifierGeneratorFactory.injectServices(DefaultIdentifierGeneratorFactory.java:152)
	at org.hibernate.service.internal.AbstractServiceRegistryImpl.injectDependencies(AbstractServiceRegistryImpl.java:286)
	at org.hibernate.service.internal.AbstractServiceRegistryImpl.initializeService(AbstractServiceRegistryImpl.java:243)
	at org.hibernate.service.internal.AbstractServiceRegistryImpl.getService(AbstractServiceRegistryImpl.java:214)
	at org.hibernate.boot.internal.InFlightMetadataCollectorImpl.<init>(InFlightMetadataCollectorImpl.java:176)
	at org.hibernate.boot.model.process.spi.MetadataBuildingProcess.complete(MetadataBuildingProcess.java:118)
	at org.hibernate.jpa.boot.internal.EntityManagerFactoryBuilderImpl.metadata(EntityManagerFactoryBuilderImpl.java:1224)
	at org.hibernate.jpa.boot.internal.EntityManagerFactoryBuilderImpl.build(EntityManagerFactoryBuilderImpl.java:1255)
	at org.springframework.orm.jpa.vendor.SpringHibernateJpaPersistenceProvider.createContainerEntityManagerFactory(SpringHibernateJpaPersistenceProvider.java:58)
	at org.springframework.orm.jpa.LocalContainerEntityManagerFactoryBean.createNativeEntityManagerFactory(LocalContainerEntityManagerFactoryBean.java:365)
	at org.springframework.orm.jpa.AbstractEntityManagerFactoryBean.buildNativeEntityManagerFactory(AbstractEntityManagerFactoryBean.java:391)
	at java.util.concurrent.FutureTask.run(FutureTask.java:266)
	at java.util.concurrent.ThreadPoolExecutor.runWorker(ThreadPoolExecutor.java:1149)
	at java.util.concurrent.ThreadPoolExecutor$Worker.run(ThreadPoolExecutor.java:624)
	at java.lang.Thread.run(Thread.java:748)
Caused by: com.mysql.cj.exceptions.CJCommunicationsException: Communications link failure

The last packet sent successfully to the server was 0 milliseconds ago. The driver has not received any packets from the server.
	at sun.reflect.NativeConstructorAccessorImpl.newInstance0(Native Method)
	at sun.reflect.NativeConstructorAccessorImpl.newInstance(NativeConstructorAccessorImpl.java:62)
	at sun.reflect.DelegatingConstructorAccessorImpl.newInstance(DelegatingConstructorAccessorImpl.java:45)
	at java.lang.reflect.Constructor.newInstance(Constructor.java:423)
	at com.mysql.cj.exceptions.ExceptionFactory.createException(ExceptionFactory.java:61)
	at com.mysql.cj.exceptions.ExceptionFactory.createException(ExceptionFactory.java:105)
	at com.mysql.cj.exceptions.ExceptionFactory.createException(ExceptionFactory.java:151)
	at com.mysql.cj.exceptions.ExceptionFactory.createCommunicationsException(ExceptionFactory.java:167)
	at com.mysql.cj.protocol.a.NativeProtocol.negotiateSSLConnection(NativeProtocol.java:334)
	at com.mysql.cj.protocol.a.NativeAuthenticationProvider.connect(NativeAuthenticationProvider.java:164)
	at com.mysql.cj.protocol.a.NativeProtocol.connect(NativeProtocol.java:1342)
	at com.mysql.cj.NativeSession.connect(NativeSession.java:157)
	at com.mysql.cj.jdbc.ConnectionImpl.connectOneTryOnly(ConnectionImpl.java:956)
	at com.mysql.cj.jdbc.ConnectionImpl.createNewIO(ConnectionImpl.java:826)
	... 33 common frames omitted
Caused by: javax.net.ssl.SSLException: Software caused connection abort: recv failed
	at sun.security.ssl.Alert.createSSLException(Alert.java:127)
	at sun.security.ssl.TransportContext.fatal(TransportContext.java:327)
	at sun.security.ssl.TransportContext.fatal(TransportContext.java:270)
	at sun.security.ssl.TransportContext.fatal(TransportContext.java:265)
	at sun.security.ssl.SSLTransport.decode(SSLTransport.java:141)
	at sun.security.ssl.SSLSocketImpl.decode(SSLSocketImpl.java:1198)
	at sun.security.ssl.SSLSocketImpl.readHandshakeRecord(SSLSocketImpl.java:1107)
	at sun.security.ssl.SSLSocketImpl.startHandshake(SSLSocketImpl.java:400)
	at sun.security.ssl.SSLSocketImpl.startHandshake(SSLSocketImpl.java:372)
	at com.mysql.cj.protocol.ExportControlled.performTlsHandshake(ExportControlled.java:336)
	at com.mysql.cj.protocol.StandardSocketFactory.performTlsHandshake(StandardSocketFactory.java:188)
	at com.mysql.cj.protocol.a.NativeSocketConnection.performTlsHandshake(NativeSocketConnection.java:99)
	at com.mysql.cj.protocol.a.NativeProtocol.negotiateSSLConnection(NativeProtocol.java:325)
	... 38 common frames omitted
	Suppressed: java.net.SocketException: Software caused connection abort: socket write error
		at java.net.SocketOutputStream.socketWrite0(Native Method)
		at java.net.SocketOutputStream.socketWrite(SocketOutputStream.java:111)
		at java.net.SocketOutputStream.write(SocketOutputStream.java:155)
		at sun.security.ssl.SSLSocketOutputRecord.encodeAlert(SSLSocketOutputRecord.java:81)
		at sun.security.ssl.TransportContext.fatal(TransportContext.java:358)
		... 49 common frames omitted
Caused by: java.net.SocketException: Software caused connection abort: recv failed
	at java.net.SocketInputStream.socketRead0(Native Method)
	at java.net.SocketInputStream.socketRead(SocketInputStream.java:116)
	at java.net.SocketInputStream.read(SocketInputStream.java:171)
	at java.net.SocketInputStream.read(SocketInputStream.java:141)
	at sun.security.ssl.SSLSocketInputRecord.read(SSLSocketInputRecord.java:466)
	at sun.security.ssl.SSLSocketInputRecord.readHeader(SSLSocketInputRecord.java:460)
	at sun.security.ssl.SSLSocketInputRecord.decode(SSLSocketInputRecord.java:159)
	at sun.security.ssl.SSLTransport.decode(SSLTransport.java:110)
	... 46 common frames omitted
2020-07-27 21:19:26 [task-1] ERROR com.zaxxer.hikari.pool.HikariPool -

  HikariPool-1 - Exception during pool initialization.
com.mysql.cj.jdbc.exceptions.CommunicationsException: Communications link failure

The last packet sent successfully to the server was 0 milliseconds ago. The driver has not received any packets from the server.
	at com.mysql.cj.jdbc.exceptions.SQLError.createCommunicationsException(SQLError.java:174)
	at com.mysql.cj.jdbc.exceptions.SQLExceptionsMapping.translateException(SQLExceptionsMapping.java:64)
	at com.mysql.cj.jdbc.ConnectionImpl.createNewIO(ConnectionImpl.java:836)
	at com.mysql.cj.jdbc.ConnectionImpl.<init>(ConnectionImpl.java:456)
	at com.mysql.cj.jdbc.ConnectionImpl.getInstance(ConnectionImpl.java:246)
	at com.mysql.cj.jdbc.NonRegisteringDriver.connect(NonRegisteringDriver.java:197)
	at com.zaxxer.hikari.util.DriverDataSource.getConnection(DriverDataSource.java:138)
	at com.zaxxer.hikari.pool.PoolBase.newConnection(PoolBase.java:358)
	at com.zaxxer.hikari.pool.PoolBase.newPoolEntry(PoolBase.java:206)
	at com.zaxxer.hikari.pool.HikariPool.createPoolEntry(HikariPool.java:477)
	at com.zaxxer.hikari.pool.HikariPool.checkFailFast(HikariPool.java:560)
	at com.zaxxer.hikari.pool.HikariPool.<init>(HikariPool.java:115)
	at com.zaxxer.hikari.HikariDataSource.getConnection(HikariDataSource.java:112)
	at org.hibernate.engine.jdbc.connections.internal.DatasourceConnectionProviderImpl.getConnection(DatasourceConnectionProviderImpl.java:122)
	at org.hibernate.engine.jdbc.env.internal.JdbcEnvironmentInitiator$ConnectionProviderJdbcConnectionAccess.obtainConnection(JdbcEnvironmentInitiator.java:180)
	at org.hibernate.engine.jdbc.env.internal.JdbcEnvironmentInitiator.initiateService(JdbcEnvironmentInitiator.java:68)
	at org.hibernate.engine.jdbc.env.internal.JdbcEnvironmentInitiator.initiateService(JdbcEnvironmentInitiator.java:35)
	at org.hibernate.boot.registry.internal.StandardServiceRegistryImpl.initiateService(StandardServiceRegistryImpl.java:101)
	at org.hibernate.service.internal.AbstractServiceRegistryImpl.createService(AbstractServiceRegistryImpl.java:263)
	at org.hibernate.service.internal.AbstractServiceRegistryImpl.initializeService(AbstractServiceRegistryImpl.java:237)
	at org.hibernate.service.internal.AbstractServiceRegistryImpl.getService(AbstractServiceRegistryImpl.java:214)
	at org.hibernate.id.factory.internal.DefaultIdentifierGeneratorFactory.injectServices(DefaultIdentifierGeneratorFactory.java:152)
	at org.hibernate.service.internal.AbstractServiceRegistryImpl.injectDependencies(AbstractServiceRegistryImpl.java:286)
	at org.hibernate.service.internal.AbstractServiceRegistryImpl.initializeService(AbstractServiceRegistryImpl.java:243)
	at org.hibernate.service.internal.AbstractServiceRegistryImpl.getService(AbstractServiceRegistryImpl.java:214)
	at org.hibernate.boot.internal.InFlightMetadataCollectorImpl.<init>(InFlightMetadataCollectorImpl.java:176)
	at org.hibernate.boot.model.process.spi.MetadataBuildingProcess.complete(MetadataBuildingProcess.java:118)
	at org.hibernate.jpa.boot.internal.EntityManagerFactoryBuilderImpl.metadata(EntityManagerFactoryBuilderImpl.java:1224)
	at org.hibernate.jpa.boot.internal.EntityManagerFactoryBuilderImpl.build(EntityManagerFactoryBuilderImpl.java:1255)
	at org.springframework.orm.jpa.vendor.SpringHibernateJpaPersistenceProvider.createContainerEntityManagerFactory(SpringHibernateJpaPersistenceProvider.java:58)
	at org.springframework.orm.jpa.LocalContainerEntityManagerFactoryBean.createNativeEntityManagerFactory(LocalContainerEntityManagerFactoryBean.java:365)
	at org.springframework.orm.jpa.AbstractEntityManagerFactoryBean.buildNativeEntityManagerFactory(AbstractEntityManagerFactoryBean.java:391)
	at java.util.concurrent.FutureTask.run(FutureTask.java:266)
	at java.util.concurrent.ThreadPoolExecutor.runWorker(ThreadPoolExecutor.java:1149)
	at java.util.concurrent.ThreadPoolExecutor$Worker.run(ThreadPoolExecutor.java:624)
	at java.lang.Thread.run(Thread.java:748)
Caused by: com.mysql.cj.exceptions.CJCommunicationsException: Communications link failure

The last packet sent successfully to the server was 0 milliseconds ago. The driver has not received any packets from the server.
	at sun.reflect.NativeConstructorAccessorImpl.newInstance0(Native Method)
	at sun.reflect.NativeConstructorAccessorImpl.newInstance(NativeConstructorAccessorImpl.java:62)
	at sun.reflect.DelegatingConstructorAccessorImpl.newInstance(DelegatingConstructorAccessorImpl.java:45)
	at java.lang.reflect.Constructor.newInstance(Constructor.java:423)
	at com.mysql.cj.exceptions.ExceptionFactory.createException(ExceptionFactory.java:61)
	at com.mysql.cj.exceptions.ExceptionFactory.createException(ExceptionFactory.java:105)
	at com.mysql.cj.exceptions.ExceptionFactory.createException(ExceptionFactory.java:151)
	at com.mysql.cj.exceptions.ExceptionFactory.createCommunicationsException(ExceptionFactory.java:167)
	at com.mysql.cj.protocol.a.NativeProtocol.negotiateSSLConnection(NativeProtocol.java:334)
	at com.mysql.cj.protocol.a.NativeAuthenticationProvider.connect(NativeAuthenticationProvider.java:164)
	at com.mysql.cj.protocol.a.NativeProtocol.connect(NativeProtocol.java:1342)
	at com.mysql.cj.NativeSession.connect(NativeSession.java:157)
	at com.mysql.cj.jdbc.ConnectionImpl.connectOneTryOnly(ConnectionImpl.java:956)
	at com.mysql.cj.jdbc.ConnectionImpl.createNewIO(ConnectionImpl.java:826)
	... 33 common frames omitted
Caused by: javax.net.ssl.SSLException: Software caused connection abort: recv failed
	at sun.security.ssl.Alert.createSSLException(Alert.java:127)
	at sun.security.ssl.TransportContext.fatal(TransportContext.java:327)
	at sun.security.ssl.TransportContext.fatal(TransportContext.java:270)
	at sun.security.ssl.TransportContext.fatal(TransportContext.java:265)
	at sun.security.ssl.SSLTransport.decode(SSLTransport.java:141)
	at sun.security.ssl.SSLSocketImpl.decode(SSLSocketImpl.java:1198)
	at sun.security.ssl.SSLSocketImpl.readHandshakeRecord(SSLSocketImpl.java:1107)
	at sun.security.ssl.SSLSocketImpl.startHandshake(SSLSocketImpl.java:400)
	at sun.security.ssl.SSLSocketImpl.startHandshake(SSLSocketImpl.java:372)
	at com.mysql.cj.protocol.ExportControlled.performTlsHandshake(ExportControlled.java:336)
	at com.mysql.cj.protocol.StandardSocketFactory.performTlsHandshake(StandardSocketFactory.java:188)
	at com.mysql.cj.protocol.a.NativeSocketConnection.performTlsHandshake(NativeSocketConnection.java:99)
	at com.mysql.cj.protocol.a.NativeProtocol.negotiateSSLConnection(NativeProtocol.java:325)
	... 38 common frames omitted
	Suppressed: java.net.SocketException: Software caused connection abort: socket write error
		at java.net.SocketOutputStream.socketWrite0(Native Method)
		at java.net.SocketOutputStream.socketWrite(SocketOutputStream.java:111)
		at java.net.SocketOutputStream.write(SocketOutputStream.java:155)
		at sun.security.ssl.SSLSocketOutputRecord.encodeAlert(SSLSocketOutputRecord.java:81)
		at sun.security.ssl.TransportContext.fatal(TransportContext.java:358)
		... 49 common frames omitted
Caused by: java.net.SocketException: Software caused connection abort: recv failed
	at java.net.SocketInputStream.socketRead0(Native Method)
	at java.net.SocketInputStream.socketRead(SocketInputStream.java:116)
	at java.net.SocketInputStream.read(SocketInputStream.java:171)
	at java.net.SocketInputStream.read(SocketInputStream.java:141)
	at sun.security.ssl.SSLSocketInputRecord.read(SSLSocketInputRecord.java:466)
	at sun.security.ssl.SSLSocketInputRecord.readHeader(SSLSocketInputRecord.java:460)
	at sun.security.ssl.SSLSocketInputRecord.decode(SSLSocketInputRecord.java:159)
	at sun.security.ssl.SSLTransport.decode(SSLTransport.java:110)
	... 46 common frames omitted
