2020-07-27 21:17:17 [restartedMain] INFO  com.Petkart3Application -

  No active profile set, falling back to default profiles: default
2020-07-27 21:17:50 [restartedMain] WARN  c.n.c.sources.URLConfigurationSource -

  No URLs will be polled as dynamic configuration sources.
2020-07-27 21:17:50 [restartedMain] INFO  c.n.c.sources.URLConfigurationSource -

  To enable URLs as dynamic configuration sources, define System property archaius.configurationSource.additionalUrls or make config.properties available on classpath.
2020-07-27 21:17:50 [restartedMain] DEBUG c.n.hystrix.strategy.HystrixPlugins -

  Created HystrixDynamicProperties. Using class : com.netflix.hystrix.strategy.properties.archaius.HystrixDynamicPropertiesArchaius
2020-07-27 21:17:51 [restartedMain] INFO  c.n.config.DynamicPropertyFactory -

  DynamicPropertyFactory is initialized with configuration sources: com.netflix.config.ConcurrentCompositeConfiguration@4e6ba9d8
2020-07-27 21:17:51 [restartedMain] DEBUG com.zaxxer.hikari.HikariConfig -

  Driver class com.mysql.cj.jdbc.Driver found in Thread context class loader org.springframework.boot.devtools.restart.classloader.RestartClassLoader@2ac8b01f
2020-07-27 21:17:54 [restartedMain] WARN  c.n.c.sources.URLConfigurationSource -

  No URLs will be polled as dynamic configuration sources.
2020-07-27 21:17:54 [restartedMain] INFO  c.n.c.sources.URLConfigurationSource -

  To enable URLs as dynamic configuration sources, define System property archaius.configurationSource.additionalUrls or make config.properties available on classpath.
2020-07-27 21:18:14 [task-1] DEBUG com.zaxxer.hikari.HikariConfig -

  HikariPool-1 - configuration:
2020-07-27 21:18:14 [task-1] DEBUG com.zaxxer.hikari.HikariConfig -

  allowPoolSuspension.............false
2020-07-27 21:18:14 [task-1] DEBUG com.zaxxer.hikari.HikariConfig -

  autoCommit......................true
2020-07-27 21:18:14 [task-1] DEBUG com.zaxxer.hikari.HikariConfig -

  catalog.........................none
2020-07-27 21:18:14 [task-1] DEBUG com.zaxxer.hikari.HikariConfig -

  connectionInitSql...............none
2020-07-27 21:18:14 [task-1] DEBUG com.zaxxer.hikari.HikariConfig -

  connectionTestQuery.............none
2020-07-27 21:18:14 [task-1] DEBUG com.zaxxer.hikari.HikariConfig -

  connectionTimeout...............30000
2020-07-27 21:18:14 [task-1] DEBUG com.zaxxer.hikari.HikariConfig -

  dataSource......................none
2020-07-27 21:18:14 [task-1] DEBUG com.zaxxer.hikari.HikariConfig -

  dataSourceClassName.............none
2020-07-27 21:18:14 [task-1] DEBUG com.zaxxer.hikari.HikariConfig -

  dataSourceJNDI..................none
2020-07-27 21:18:14 [task-1] DEBUG com.zaxxer.hikari.HikariConfig -

  dataSourceProperties............{password=<masked>}
2020-07-27 21:18:14 [task-1] DEBUG com.zaxxer.hikari.HikariConfig -

  driverClassName................."com.mysql.cj.jdbc.Driver"
2020-07-27 21:18:14 [task-1] DEBUG com.zaxxer.hikari.HikariConfig -

  exceptionOverrideClassName......none
2020-07-27 21:18:14 [task-1] DEBUG com.zaxxer.hikari.HikariConfig -

  healthCheckProperties...........{}
2020-07-27 21:18:14 [task-1] DEBUG com.zaxxer.hikari.HikariConfig -

  healthCheckRegistry.............none
2020-07-27 21:18:14 [task-1] DEBUG com.zaxxer.hikari.HikariConfig -

  idleTimeout.....................600000
2020-07-27 21:18:14 [task-1] DEBUG com.zaxxer.hikari.HikariConfig -

  initializationFailTimeout.......1
2020-07-27 21:18:14 [task-1] DEBUG com.zaxxer.hikari.HikariConfig -

  isolateInternalQueries..........false
2020-07-27 21:18:14 [task-1] DEBUG com.zaxxer.hikari.HikariConfig -

  jdbcUrl.........................jdbc:mysql://localhost:3306/petkart
2020-07-27 21:18:14 [task-1] DEBUG com.zaxxer.hikari.HikariConfig -

  leakDetectionThreshold..........0
2020-07-27 21:18:14 [task-1] DEBUG com.zaxxer.hikari.HikariConfig -

  maxLifetime.....................1800000
2020-07-27 21:18:14 [task-1] DEBUG com.zaxxer.hikari.HikariConfig -

  maximumPoolSize.................10
2020-07-27 21:18:14 [task-1] DEBUG com.zaxxer.hikari.HikariConfig -

  metricRegistry..................none
2020-07-27 21:18:14 [task-1] DEBUG com.zaxxer.hikari.HikariConfig -

  metricsTrackerFactory...........none
2020-07-27 21:18:14 [task-1] DEBUG com.zaxxer.hikari.HikariConfig -

  minimumIdle.....................10
2020-07-27 21:18:14 [task-1] DEBUG com.zaxxer.hikari.HikariConfig -

  password........................<masked>
2020-07-27 21:18:14 [task-1] DEBUG com.zaxxer.hikari.HikariConfig -

  poolName........................"HikariPool-1"
2020-07-27 21:18:14 [task-1] DEBUG com.zaxxer.hikari.HikariConfig -

  readOnly........................false
2020-07-27 21:18:14 [task-1] DEBUG com.zaxxer.hikari.HikariConfig -

  registerMbeans..................false
2020-07-27 21:18:14 [task-1] DEBUG com.zaxxer.hikari.HikariConfig -

  scheduledExecutor...............none
2020-07-27 21:18:14 [task-1] DEBUG com.zaxxer.hikari.HikariConfig -

  schema..........................none
2020-07-27 21:18:14 [task-1] DEBUG com.zaxxer.hikari.HikariConfig -

  threadFactory...................internal
2020-07-27 21:18:14 [task-1] DEBUG com.zaxxer.hikari.HikariConfig -

  transactionIsolation............default
2020-07-27 21:18:14 [task-1] DEBUG com.zaxxer.hikari.HikariConfig -

  username........................"root"
2020-07-27 21:18:14 [task-1] DEBUG com.zaxxer.hikari.HikariConfig -

  validationTimeout...............5000
2020-07-27 21:18:14 [task-1] INFO  com.zaxxer.hikari.HikariDataSource -

  HikariPool-1 - Starting...
2020-07-27 21:18:33 [task-1] DEBUG com.zaxxer.hikari.pool.PoolBase -

  HikariPool-1 - Failed to create/setup connection: Communications link failure

The last packet sent successfully to the server was 0 milliseconds ago. The driver has not received any packets from the server.
2020-07-27 21:18:34 [task-1] DEBUG com.zaxxer.hikari.pool.HikariPool -

  HikariPool-1 - Cannot acquire connection from data source
com.mysql.cj.jdbc.exceptions.CommunicationsException: Communications link failure

The last packet sent successfully to the server was 0 milliseconds ago. The driver has not received any packets from the server.
	at com.mysql.cj.jdbc.exceptions.SQLError.createCommunicationsException(SQLError.java:174)
	at com.mysql.cj.jdbc.exceptions.SQLExceptionsMapping.translateException(SQLExceptionsMapping.java:64)
	at com.mysql.cj.jdbc.ConnectionImpl.createNewIO(ConnectionImpl.java:836)
	at com.mysql.cj.jdbc.ConnectionImpl.<init>(ConnectionImpl.java:456)
	at com.mysql.cj.jdbc.ConnectionImpl.getInstance(ConnectionImpl.java:246)
	at com.mysql.cj.jdbc.NonRegisteringDriver.connect(NonRegisteringDriver.java:197)
	at com.zaxxer.hikari.util.DriverDataSource.getConnection(DriverDataSource.java:138)
	at com.zaxxer.hikari.pool.PoolBase.newConnection(PoolBase.java:358)
	at com.zaxxer.hikari.pool.PoolBase.newPoolEntry(PoolBase.java:206)
	at com.zaxxer.hikari.pool.HikariPool.createPoolEntry(HikariPool.java:477)
	at com.zaxxer.hikari.pool.HikariPool.checkFailFast(HikariPool.java:560)
	at com.zaxxer.hikari.pool.HikariPool.<init>(HikariPool.java:115)
	at com.zaxxer.hikari.HikariDataSource.getConnection(HikariDataSource.java:112)
	at org.hibernate.engine.jdbc.connections.internal.DatasourceConnectionProviderImpl.getConnection(DatasourceConnectionProviderImpl.java:122)
	at org.hibernate.engine.jdbc.env.internal.JdbcEnvironmentInitiator$ConnectionProviderJdbcConnectionAccess.obtainConnection(JdbcEnvironmentInitiator.java:180)
	at org.hibernate.engine.jdbc.env.internal.JdbcEnvironmentInitiator.initiateService(JdbcEnvironmentInitiator.java:68)
	at org.hibernate.engine.jdbc.env.internal.JdbcEnvironmentInitiator.initiateService(JdbcEnvironmentInitiator.java:35)
	at org.hibernate.boot.registry.internal.StandardServiceRegistryImpl.initiateService(StandardServiceRegistryImpl.java:101)
	at org.hibernate.service.internal.AbstractServiceRegistryImpl.createService(AbstractServiceRegistryImpl.java:263)
	at org.hibernate.service.internal.AbstractServiceRegistryImpl.initializeService(AbstractServiceRegistryImpl.java:237)
	at org.hibernate.service.internal.AbstractServiceRegistryImpl.getService(AbstractServiceRegistryImpl.java:214)
	at org.hibernate.id.factory.internal.DefaultIdentifierGeneratorFactory.injectServices(DefaultIdentifierGeneratorFactory.java:152)
	at org.hibernate.service.internal.AbstractServiceRegistryImpl.injectDependencies(AbstractServiceRegistryImpl.java:286)
	at org.hibernate.service.internal.AbstractServiceRegistryImpl.initializeService(AbstractServiceRegistryImpl.java:243)
	at org.hibernate.service.internal.AbstractServiceRegistryImpl.getService(AbstractServiceRegistryImpl.java:214)
	at org.hibernate.boot.internal.InFlightMetadataCollectorImpl.<init>(InFlightMetadataCollectorImpl.java:176)
	at org.hibernate.boot.model.process.spi.MetadataBuildingProcess.complete(MetadataBuildingProcess.java:118)
	at org.hibernate.jpa.boot.internal.EntityManagerFactoryBuilderImpl.metadata(EntityManagerFactoryBuilderImpl.java:1224)
	at org.hibernate.jpa.boot.internal.EntityManagerFactoryBuilderImpl.build(EntityManagerFactoryBuilderImpl.java:1255)
	at org.springframework.orm.jpa.vendor.SpringHibernateJpaPersistenceProvider.createContainerEntityManagerFactory(SpringHibernateJpaPersistenceProvider.java:58)
	at org.springframework.orm.jpa.LocalContainerEntityManagerFactoryBean.createNativeEntityManagerFactory(LocalContainerEntityManagerFactoryBean.java:365)
	at org.springframework.orm.jpa.AbstractEntityManagerFactoryBean.buildNativeEntityManagerFactory(AbstractEntityManagerFactoryBean.java:391)
	at java.util.concurrent.FutureTask.run(FutureTask.java:266)
	at java.util.concurrent.ThreadPoolExecutor.runWorker(ThreadPoolExecutor.java:1149)
	at java.util.concurrent.ThreadPoolExecutor$Worker.run(ThreadPoolExecutor.java:624)
	at java.lang.Thread.run(Thread.java:748)
Caused by: com.mysql.cj.exceptions.CJCommunicationsException: Communications link failure

The last packet sent successfully to the server was 0 milliseconds ago. The driver has not received any packets from the server.
	at sun.reflect.NativeConstructorAccessorImpl.newInstance0(Native Method)
	at sun.reflect.NativeConstructorAccessorImpl.newInstance(NativeConstructorAccessorImpl.java:62)
	at sun.reflect.DelegatingConstructorAccessorImpl.newInstance(DelegatingConstructorAccessorImpl.java:45)
	at java.lang.reflect.Constructor.newInstance(Constructor.java:423)
	at com.mysql.cj.exceptions.ExceptionFactory.createException(ExceptionFactory.java:61)
	at com.mysql.cj.exceptions.ExceptionFactory.createException(ExceptionFactory.java:105)
	at com.mysql.cj.exceptions.ExceptionFactory.createException(ExceptionFactory.java:151)
	at com.mysql.cj.exceptions.ExceptionFactory.createCommunicationsException(ExceptionFactory.java:167)
	at com.mysql.cj.protocol.a.NativeProtocol.negotiateSSLConnection(NativeProtocol.java:334)
	at com.mysql.cj.protocol.a.NativeAuthenticationProvider.connect(NativeAuthenticationProvider.java:164)
	at com.mysql.cj.protocol.a.NativeProtocol.connect(NativeProtocol.java:1342)
	at com.mysql.cj.NativeSession.connect(NativeSession.java:157)
	at com.mysql.cj.jdbc.ConnectionImpl.connectOneTryOnly(ConnectionImpl.java:956)
	at com.mysql.cj.jdbc.ConnectionImpl.createNewIO(ConnectionImpl.java:826)
	... 33 common frames omitted
Caused by: javax.net.ssl.SSLException: Software caused connection abort: recv failed
	at sun.security.ssl.Alert.createSSLException(Alert.java:127)
	at sun.security.ssl.TransportContext.fatal(TransportContext.java:327)
	at sun.security.ssl.TransportContext.fatal(TransportContext.java:270)
	at sun.security.ssl.TransportContext.fatal(TransportContext.java:265)
	at sun.security.ssl.SSLTransport.decode(SSLTransport.java:141)
	at sun.security.ssl.SSLSocketImpl.decode(SSLSocketImpl.java:1198)
	at sun.security.ssl.SSLSocketImpl.readHandshakeRecord(SSLSocketImpl.java:1107)
	at sun.security.ssl.SSLSocketImpl.startHandshake(SSLSocketImpl.java:400)
	at sun.security.ssl.SSLSocketImpl.startHandshake(SSLSocketImpl.java:372)
	at com.mysql.cj.protocol.ExportControlled.performTlsHandshake(ExportControlled.java:336)
	at com.mysql.cj.protocol.StandardSocketFactory.performTlsHandshake(StandardSocketFactory.java:188)
	at com.mysql.cj.protocol.a.NativeSocketConnection.performTlsHandshake(NativeSocketConnection.java:99)
	at com.mysql.cj.protocol.a.NativeProtocol.negotiateSSLConnection(NativeProtocol.java:325)
	... 38 common frames omitted
	Suppressed: java.net.SocketException: Software caused connection abort: socket write error
		at java.net.SocketOutputStream.socketWrite0(Native Method)
		at java.net.SocketOutputStream.socketWrite(SocketOutputStream.java:111)
		at java.net.SocketOutputStream.write(SocketOutputStream.java:155)
		at sun.security.ssl.SSLSocketOutputRecord.encodeAlert(SSLSocketOutputRecord.java:81)
		at sun.security.ssl.TransportContext.fatal(TransportContext.java:358)
		... 49 common frames omitted
Caused by: java.net.SocketException: Software caused connection abort: recv failed
	at java.net.SocketInputStream.socketRead0(Native Method)
	at java.net.SocketInputStream.socketRead(SocketInputStream.java:116)
	at java.net.SocketInputStream.read(SocketInputStream.java:171)
	at java.net.SocketInputStream.read(SocketInputStream.java:141)
	at sun.security.ssl.SSLSocketInputRecord.read(SSLSocketInputRecord.java:466)
	at sun.security.ssl.SSLSocketInputRecord.readHeader(SSLSocketInputRecord.java:460)
	at sun.security.ssl.SSLSocketInputRecord.decode(SSLSocketInputRecord.java:159)
	at sun.security.ssl.SSLTransport.decode(SSLTransport.java:110)
	... 46 common frames omitted
2020-07-27 21:18:35 [task-1] ERROR com.zaxxer.hikari.pool.HikariPool -

  HikariPool-1 - Exception during pool initialization.
com.mysql.cj.jdbc.exceptions.CommunicationsException: Communications link failure

The last packet sent successfully to the server was 0 milliseconds ago. The driver has not received any packets from the server.
	at com.mysql.cj.jdbc.exceptions.SQLError.createCommunicationsException(SQLError.java:174)
	at com.mysql.cj.jdbc.exceptions.SQLExceptionsMapping.translateException(SQLExceptionsMapping.java:64)
	at com.mysql.cj.jdbc.ConnectionImpl.createNewIO(ConnectionImpl.java:836)
	at com.mysql.cj.jdbc.ConnectionImpl.<init>(ConnectionImpl.java:456)
	at com.mysql.cj.jdbc.ConnectionImpl.getInstance(ConnectionImpl.java:246)
	at com.mysql.cj.jdbc.NonRegisteringDriver.connect(NonRegisteringDriver.java:197)
	at com.zaxxer.hikari.util.DriverDataSource.getConnection(DriverDataSource.java:138)
	at com.zaxxer.hikari.pool.PoolBase.newConnection(PoolBase.java:358)
	at com.zaxxer.hikari.pool.PoolBase.newPoolEntry(PoolBase.java:206)
	at com.zaxxer.hikari.pool.HikariPool.createPoolEntry(HikariPool.java:477)
	at com.zaxxer.hikari.pool.HikariPool.checkFailFast(HikariPool.java:560)
	at com.zaxxer.hikari.pool.HikariPool.<init>(HikariPool.java:115)
	at com.zaxxer.hikari.HikariDataSource.getConnection(HikariDataSource.java:112)
	at org.hibernate.engine.jdbc.connections.internal.DatasourceConnectionProviderImpl.getConnection(DatasourceConnectionProviderImpl.java:122)
	at org.hibernate.engine.jdbc.env.internal.JdbcEnvironmentInitiator$ConnectionProviderJdbcConnectionAccess.obtainConnection(JdbcEnvironmentInitiator.java:180)
	at org.hibernate.engine.jdbc.env.internal.JdbcEnvironmentInitiator.initiateService(JdbcEnvironmentInitiator.java:68)
	at org.hibernate.engine.jdbc.env.internal.JdbcEnvironmentInitiator.initiateService(JdbcEnvironmentInitiator.java:35)
	at org.hibernate.boot.registry.internal.StandardServiceRegistryImpl.initiateService(StandardServiceRegistryImpl.java:101)
	at org.hibernate.service.internal.AbstractServiceRegistryImpl.createService(AbstractServiceRegistryImpl.java:263)
	at org.hibernate.service.internal.AbstractServiceRegistryImpl.initializeService(AbstractServiceRegistryImpl.java:237)
	at org.hibernate.service.internal.AbstractServiceRegistryImpl.getService(AbstractServiceRegistryImpl.java:214)
	at org.hibernate.id.factory.internal.DefaultIdentifierGeneratorFactory.injectServices(DefaultIdentifierGeneratorFactory.java:152)
	at org.hibernate.service.internal.AbstractServiceRegistryImpl.injectDependencies(AbstractServiceRegistryImpl.java:286)
	at org.hibernate.service.internal.AbstractServiceRegistryImpl.initializeService(AbstractServiceRegistryImpl.java:243)
	at org.hibernate.service.internal.AbstractServiceRegistryImpl.getService(AbstractServiceRegistryImpl.java:214)
	at org.hibernate.boot.internal.InFlightMetadataCollectorImpl.<init>(InFlightMetadataCollectorImpl.java:176)
	at org.hibernate.boot.model.process.spi.MetadataBuildingProcess.complete(MetadataBuildingProcess.java:118)
	at org.hibernate.jpa.boot.internal.EntityManagerFactoryBuilderImpl.metadata(EntityManagerFactoryBuilderImpl.java:1224)
	at org.hibernate.jpa.boot.internal.EntityManagerFactoryBuilderImpl.build(EntityManagerFactoryBuilderImpl.java:1255)
	at org.springframework.orm.jpa.vendor.SpringHibernateJpaPersistenceProvider.createContainerEntityManagerFactory(SpringHibernateJpaPersistenceProvider.java:58)
	at org.springframework.orm.jpa.LocalContainerEntityManagerFactoryBean.createNativeEntityManagerFactory(LocalContainerEntityManagerFactoryBean.java:365)
	at org.springframework.orm.jpa.AbstractEntityManagerFactoryBean.buildNativeEntityManagerFactory(AbstractEntityManagerFactoryBean.java:391)
	at java.util.concurrent.FutureTask.run(FutureTask.java:266)
	at java.util.concurrent.ThreadPoolExecutor.runWorker(ThreadPoolExecutor.java:1149)
	at java.util.concurrent.ThreadPoolExecutor$Worker.run(ThreadPoolExecutor.java:624)
	at java.lang.Thread.run(Thread.java:748)
Caused by: com.mysql.cj.exceptions.CJCommunicationsException: Communications link failure

The last packet sent successfully to the server was 0 milliseconds ago. The driver has not received any packets from the server.
	at sun.reflect.NativeConstructorAccessorImpl.newInstance0(Native Method)
	at sun.reflect.NativeConstructorAccessorImpl.newInstance(NativeConstructorAccessorImpl.java:62)
	at sun.reflect.DelegatingConstructorAccessorImpl.newInstance(DelegatingConstructorAccessorImpl.java:45)
	at java.lang.reflect.Constructor.newInstance(Constructor.java:423)
	at com.mysql.cj.exceptions.ExceptionFactory.createException(ExceptionFactory.java:61)
	at com.mysql.cj.exceptions.ExceptionFactory.createException(ExceptionFactory.java:105)
	at com.mysql.cj.exceptions.ExceptionFactory.createException(ExceptionFactory.java:151)
	at com.mysql.cj.exceptions.ExceptionFactory.createCommunicationsException(ExceptionFactory.java:167)
	at com.mysql.cj.protocol.a.NativeProtocol.negotiateSSLConnection(NativeProtocol.java:334)
	at com.mysql.cj.protocol.a.NativeAuthenticationProvider.connect(NativeAuthenticationProvider.java:164)
	at com.mysql.cj.protocol.a.NativeProtocol.connect(NativeProtocol.java:1342)
	at com.mysql.cj.NativeSession.connect(NativeSession.java:157)
	at com.mysql.cj.jdbc.ConnectionImpl.connectOneTryOnly(ConnectionImpl.java:956)
	at com.mysql.cj.jdbc.ConnectionImpl.createNewIO(ConnectionImpl.java:826)
	... 33 common frames omitted
Caused by: javax.net.ssl.SSLException: Software caused connection abort: recv failed
	at sun.security.ssl.Alert.createSSLException(Alert.java:127)
	at sun.security.ssl.TransportContext.fatal(TransportContext.java:327)
	at sun.security.ssl.TransportContext.fatal(TransportContext.java:270)
	at sun.security.ssl.TransportContext.fatal(TransportContext.java:265)
	at sun.security.ssl.SSLTransport.decode(SSLTransport.java:141)
	at sun.security.ssl.SSLSocketImpl.decode(SSLSocketImpl.java:1198)
	at sun.security.ssl.SSLSocketImpl.readHandshakeRecord(SSLSocketImpl.java:1107)
	at sun.security.ssl.SSLSocketImpl.startHandshake(SSLSocketImpl.java:400)
	at sun.security.ssl.SSLSocketImpl.startHandshake(SSLSocketImpl.java:372)
	at com.mysql.cj.protocol.ExportControlled.performTlsHandshake(ExportControlled.java:336)
	at com.mysql.cj.protocol.StandardSocketFactory.performTlsHandshake(StandardSocketFactory.java:188)
	at com.mysql.cj.protocol.a.NativeSocketConnection.performTlsHandshake(NativeSocketConnection.java:99)
	at com.mysql.cj.protocol.a.NativeProtocol.negotiateSSLConnection(NativeProtocol.java:325)
	... 38 common frames omitted
	Suppressed: java.net.SocketException: Software caused connection abort: socket write error
		at java.net.SocketOutputStream.socketWrite0(Native Method)
		at java.net.SocketOutputStream.socketWrite(SocketOutputStream.java:111)
		at java.net.SocketOutputStream.write(SocketOutputStream.java:155)
		at sun.security.ssl.SSLSocketOutputRecord.encodeAlert(SSLSocketOutputRecord.java:81)
		at sun.security.ssl.TransportContext.fatal(TransportContext.java:358)
		... 49 common frames omitted
Caused by: java.net.SocketException: Software caused connection abort: recv failed
	at java.net.SocketInputStream.socketRead0(Native Method)
	at java.net.SocketInputStream.socketRead(SocketInputStream.java:116)
	at java.net.SocketInputStream.read(SocketInputStream.java:171)
	at java.net.SocketInputStream.read(SocketInputStream.java:141)
	at sun.security.ssl.SSLSocketInputRecord.read(SSLSocketInputRecord.java:466)
	at sun.security.ssl.SSLSocketInputRecord.readHeader(SSLSocketInputRecord.java:460)
	at sun.security.ssl.SSLSocketInputRecord.decode(SSLSocketInputRecord.java:159)
	at sun.security.ssl.SSLTransport.decode(SSLTransport.java:110)
	... 46 common frames omitted
2020-07-27 21:19:12 [restartedMain] INFO  c.netflix.discovery.DiscoveryClient -

  Initializing Eureka in region us-east-1
2020-07-27 21:19:26 [restartedMain] INFO  c.n.d.p.DiscoveryJerseyProvider -

  Using JSON encoding codec LegacyJacksonJson
2020-07-27 21:19:26 [restartedMain] INFO  c.n.d.p.DiscoveryJerseyProvider -

  Using JSON decoding codec LegacyJacksonJson
2020-07-27 21:19:36 [restartedMain] INFO  c.n.d.p.DiscoveryJerseyProvider -

  Using XML encoding codec XStreamXml
2020-07-27 21:19:36 [restartedMain] INFO  c.n.d.p.DiscoveryJerseyProvider -

  Using XML decoding codec XStreamXml
2020-07-27 21:19:38 [restartedMain] INFO  c.s.jersey.spi.service.ServiceFinder -

  Running in a non-OSGi environment
2020-07-27 21:19:38 [restartedMain] INFO  c.s.j.c.s.component.ProviderServices -

  Searching for providers that implement: interface com.sun.jersey.client.proxy.ViewProxyProvider
2020-07-27 21:19:38 [restartedMain] INFO  c.s.j.c.s.component.ProviderServices -

  Searching for providers that implement: interface com.sun.jersey.spi.inject.InjectableProvider
2020-07-27 21:19:38 [restartedMain] INFO  c.s.j.c.s.component.ProviderServices -

      Provider found: class com.sun.jersey.core.impl.provider.xml.SAXParserContextProvider
2020-07-27 21:19:38 [restartedMain] INFO  c.s.j.c.s.component.ProviderServices -

      Provider found: class com.sun.jersey.core.impl.provider.xml.XMLStreamReaderContextProvider
2020-07-27 21:19:38 [restartedMain] INFO  c.s.j.c.s.component.ProviderServices -

      Provider found: class com.sun.jersey.core.impl.provider.xml.DocumentBuilderFactoryProvider
2020-07-27 21:19:38 [restartedMain] INFO  c.s.j.c.s.component.ProviderServices -

      Provider found: class com.sun.jersey.core.impl.provider.xml.TransformerFactoryProvider
2020-07-27 21:19:39 [restartedMain] INFO  c.s.j.c.s.component.ProviderServices -

  Searching for providers that implement: interface javax.ws.rs.ext.MessageBodyReader
2020-07-27 21:19:39 [restartedMain] INFO  c.s.j.c.s.component.ProviderServices -

      Provider found: class com.sun.jersey.core.impl.provider.entity.StringProvider
2020-07-27 21:19:39 [restartedMain] INFO  c.s.j.c.s.component.ProviderServices -

      Provider found: class com.sun.jersey.core.impl.provider.entity.ByteArrayProvider
2020-07-27 21:19:39 [restartedMain] INFO  c.s.j.c.s.component.ProviderServices -

      Provider found: class com.sun.jersey.core.impl.provider.entity.FileProvider
2020-07-27 21:19:39 [restartedMain] INFO  c.s.j.c.s.component.ProviderServices -

      Provider found: class com.sun.jersey.core.impl.provider.entity.InputStreamProvider
2020-07-27 21:19:39 [restartedMain] INFO  c.s.j.c.s.component.ProviderServices -

      Provider found: class com.sun.jersey.core.impl.provider.entity.DataSourceProvider
2020-07-27 21:19:39 [restartedMain] INFO  c.s.j.c.s.component.ProviderServices -

      Provider found: class com.sun.jersey.core.impl.provider.entity.RenderedImageProvider
2020-07-27 21:19:39 [restartedMain] INFO  c.s.j.c.s.component.ProviderServices -

      Provider found: class com.sun.jersey.core.impl.provider.entity.MimeMultipartProvider
2020-07-27 21:19:39 [restartedMain] INFO  c.s.j.c.s.component.ProviderServices -

      Provider found: class com.sun.jersey.core.impl.provider.entity.FormProvider
2020-07-27 21:19:39 [restartedMain] INFO  c.s.j.c.s.component.ProviderServices -

      Provider found: class com.sun.jersey.core.impl.provider.entity.FormMultivaluedMapProvider
2020-07-27 21:19:39 [restartedMain] INFO  c.s.j.c.s.component.ProviderServices -

      Provider found: class com.sun.jersey.core.impl.provider.entity.XMLRootElementProvider$App
2020-07-27 21:19:39 [restartedMain] INFO  c.s.j.c.s.component.ProviderServices -

      Provider found: class com.sun.jersey.core.impl.provider.entity.XMLRootElementProvider$Text
2020-07-27 21:19:39 [restartedMain] INFO  c.s.j.c.s.component.ProviderServices -

      Provider found: class com.sun.jersey.core.impl.provider.entity.XMLRootElementProvider$General
2020-07-27 21:19:39 [restartedMain] INFO  c.s.j.c.s.component.ProviderServices -

      Provider found: class com.sun.jersey.core.impl.provider.entity.XMLJAXBElementProvider$App
2020-07-27 21:19:39 [restartedMain] INFO  c.s.j.c.s.component.ProviderServices -

      Provider found: class com.sun.jersey.core.impl.provider.entity.XMLJAXBElementProvider$Text
2020-07-27 21:19:39 [restartedMain] INFO  c.s.j.c.s.component.ProviderServices -

      Provider found: class com.sun.jersey.core.impl.provider.entity.XMLJAXBElementProvider$General
2020-07-27 21:19:39 [restartedMain] INFO  c.s.j.c.s.component.ProviderServices -

      Provider found: class com.sun.jersey.core.impl.provider.entity.XMLListElementProvider$App
2020-07-27 21:19:39 [restartedMain] INFO  c.s.j.c.s.component.ProviderServices -

      Provider found: class com.sun.jersey.core.impl.provider.entity.XMLListElementProvider$Text
2020-07-27 21:19:39 [restartedMain] INFO  c.s.j.c.s.component.ProviderServices -

      Provider found: class com.sun.jersey.core.impl.provider.entity.XMLListElementProvider$General
2020-07-27 21:19:39 [restartedMain] INFO  c.s.j.c.s.component.ProviderServices -

      Provider found: class com.sun.jersey.core.impl.provider.entity.ReaderProvider
2020-07-27 21:19:39 [restartedMain] INFO  c.s.j.c.s.component.ProviderServices -

      Provider found: class com.sun.jersey.core.impl.provider.entity.DocumentProvider
2020-07-27 21:19:39 [restartedMain] INFO  c.s.j.c.s.component.ProviderServices -

      Provider found: class com.sun.jersey.core.impl.provider.entity.SourceProvider$StreamSourceReader
2020-07-27 21:19:39 [restartedMain] INFO  c.s.j.c.s.component.ProviderServices -

      Provider found: class com.sun.jersey.core.impl.provider.entity.SourceProvider$SAXSourceReader
2020-07-27 21:19:39 [restartedMain] INFO  c.s.j.c.s.component.ProviderServices -

      Provider found: class com.sun.jersey.core.impl.provider.entity.SourceProvider$DOMSourceReader
2020-07-27 21:19:39 [restartedMain] INFO  c.s.j.c.s.component.ProviderServices -

      Provider found: class com.sun.jersey.core.impl.provider.entity.XMLRootObjectProvider$App
2020-07-27 21:19:39 [restartedMain] INFO  c.s.j.c.s.component.ProviderServices -

      Provider found: class com.sun.jersey.core.impl.provider.entity.XMLRootObjectProvider$Text
2020-07-27 21:19:39 [restartedMain] INFO  c.s.j.c.s.component.ProviderServices -

      Provider found: class com.sun.jersey.core.impl.provider.entity.XMLRootObjectProvider$General
2020-07-27 21:19:39 [restartedMain] INFO  c.s.j.c.s.component.ProviderServices -

      Provider found: class com.sun.jersey.core.impl.provider.entity.EntityHolderReader
2020-07-27 21:19:39 [restartedMain] INFO  c.s.j.c.s.component.ProviderFactory -

  A dependent class, javax/mail/internet/MimeMultipart, of the component class com.sun.jersey.core.impl.provider.entity.MimeMultipartProvider is not found. The component is ignored.
2020-07-27 21:19:40 [restartedMain] INFO  c.s.j.c.s.component.ProviderServices -

  Searching for providers that implement: interface javax.ws.rs.ext.MessageBodyWriter
2020-07-27 21:19:40 [restartedMain] INFO  c.s.j.c.s.component.ProviderServices -

      Provider found: class com.sun.jersey.core.impl.provider.entity.StringProvider
2020-07-27 21:19:40 [restartedMain] INFO  c.s.j.c.s.component.ProviderServices -

      Provider found: class com.sun.jersey.core.impl.provider.entity.ByteArrayProvider
2020-07-27 21:19:40 [restartedMain] INFO  c.s.j.c.s.component.ProviderServices -

      Provider found: class com.sun.jersey.core.impl.provider.entity.FileProvider
2020-07-27 21:19:40 [restartedMain] INFO  c.s.j.c.s.component.ProviderServices -

      Provider found: class com.sun.jersey.core.impl.provider.entity.InputStreamProvider
2020-07-27 21:19:40 [restartedMain] INFO  c.s.j.c.s.component.ProviderServices -

      Provider found: class com.sun.jersey.core.impl.provider.entity.DataSourceProvider
2020-07-27 21:19:40 [restartedMain] INFO  c.s.j.c.s.component.ProviderServices -

      Provider found: class com.sun.jersey.core.impl.provider.entity.RenderedImageProvider
2020-07-27 21:19:40 [restartedMain] INFO  c.s.j.c.s.component.ProviderServices -

      Provider found: class com.sun.jersey.core.impl.provider.entity.MimeMultipartProvider
2020-07-27 21:19:40 [restartedMain] INFO  c.s.j.c.s.component.ProviderServices -

      Provider found: class com.sun.jersey.core.impl.provider.entity.FormProvider
2020-07-27 21:19:40 [restartedMain] INFO  c.s.j.c.s.component.ProviderServices -

      Provider found: class com.sun.jersey.core.impl.provider.entity.FormMultivaluedMapProvider
2020-07-27 21:19:40 [restartedMain] INFO  c.s.j.c.s.component.ProviderServices -

      Provider found: class com.sun.jersey.core.impl.provider.entity.XMLRootElementProvider$App
2020-07-27 21:19:40 [restartedMain] INFO  c.s.j.c.s.component.ProviderServices -

      Provider found: class com.sun.jersey.core.impl.provider.entity.XMLRootElementProvider$Text
2020-07-27 21:19:40 [restartedMain] INFO  c.s.j.c.s.component.ProviderServices -

      Provider found: class com.sun.jersey.core.impl.provider.entity.XMLRootElementProvider$General
2020-07-27 21:19:40 [restartedMain] INFO  c.s.j.c.s.component.ProviderServices -

      Provider found: class com.sun.jersey.core.impl.provider.entity.XMLJAXBElementProvider$App
2020-07-27 21:19:40 [restartedMain] INFO  c.s.j.c.s.component.ProviderServices -

      Provider found: class com.sun.jersey.core.impl.provider.entity.XMLJAXBElementProvider$Text
2020-07-27 21:19:40 [restartedMain] INFO  c.s.j.c.s.component.ProviderServices -

      Provider found: class com.sun.jersey.core.impl.provider.entity.XMLJAXBElementProvider$General
2020-07-27 21:19:40 [restartedMain] INFO  c.s.j.c.s.component.ProviderServices -

      Provider found: class com.sun.jersey.core.impl.provider.entity.XMLListElementProvider$App
2020-07-27 21:19:40 [restartedMain] INFO  c.s.j.c.s.component.ProviderServices -

      Provider found: class com.sun.jersey.core.impl.provider.entity.XMLListElementProvider$Text
2020-07-27 21:19:40 [restartedMain] INFO  c.s.j.c.s.component.ProviderServices -

      Provider found: class com.sun.jersey.core.impl.provider.entity.XMLListElementProvider$General
2020-07-27 21:19:40 [restartedMain] INFO  c.s.j.c.s.component.ProviderServices -

      Provider found: class com.sun.jersey.core.impl.provider.entity.ReaderProvider
2020-07-27 21:19:40 [restartedMain] INFO  c.s.j.c.s.component.ProviderServices -

      Provider found: class com.sun.jersey.core.impl.provider.entity.DocumentProvider
2020-07-27 21:19:40 [restartedMain] INFO  c.s.j.c.s.component.ProviderServices -

      Provider found: class com.sun.jersey.core.impl.provider.entity.StreamingOutputProvider
2020-07-27 21:19:40 [restartedMain] INFO  c.s.j.c.s.component.ProviderServices -

      Provider found: class com.sun.jersey.core.impl.provider.entity.SourceProvider$SourceWriter
2020-07-27 21:19:40 [restartedMain] INFO  c.s.j.c.s.component.ProviderFactory -

  A dependent class, javax/mail/internet/MimeMultipart, of the component class com.sun.jersey.core.impl.provider.entity.MimeMultipartProvider is not found. The component is ignored.
2020-07-27 21:19:41 [restartedMain] INFO  c.n.d.s.r.aws.ConfigClusterResolver -

  Resolving eureka endpoints via configuration
2020-07-27 21:19:41 [restartedMain] DEBUG c.n.discovery.endpoint.EndpointUtils -

  The availability zone for the given region us-east-1 are [defaultZone]
2020-07-27 21:19:41 [restartedMain] DEBUG c.n.d.s.r.aws.ConfigClusterResolver -

  Config resolved to [AwsEndpoint{ serviceUrl='http://localhost:8761/eureka/', region='us-east-1', zone='defaultZone'}]
2020-07-27 21:19:45 [restartedMain] DEBUG c.n.d.s.r.a.ZoneAffinityClusterResolver -

  Local zone=defaultZone; resolved to: [AwsEndpoint{ serviceUrl='http://localhost:8761/eureka/', region='us-east-1', zone='defaultZone'}]
2020-07-27 21:19:46 [restartedMain] INFO  c.netflix.discovery.DiscoveryClient -

  Disable delta property : false
2020-07-27 21:19:46 [restartedMain] INFO  c.netflix.discovery.DiscoveryClient -

  Single vip registry refresh property : null
2020-07-27 21:19:46 [restartedMain] INFO  c.netflix.discovery.DiscoveryClient -

  Force full registry fetch : false
2020-07-27 21:19:46 [restartedMain] INFO  c.netflix.discovery.DiscoveryClient -

  Application is null : false
2020-07-27 21:19:46 [restartedMain] INFO  c.netflix.discovery.DiscoveryClient -

  Registered Applications size is zero : true
2020-07-27 21:19:46 [restartedMain] INFO  c.netflix.discovery.DiscoveryClient -

  Application version is -1: true
2020-07-27 21:19:46 [restartedMain] INFO  c.netflix.discovery.DiscoveryClient -

  Getting all instance registry info from the eureka server
2020-07-27 21:19:46 [restartedMain] DEBUG c.n.d.s.t.d.SessionedEurekaHttpClient -

  Ending a session and starting anew
2020-07-27 21:19:46 [restartedMain] DEBUG c.n.d.s.t.j.AbstractJerseyEurekaHttpClient -

  Created client for url: http://localhost:8761/eureka/
2020-07-27 21:19:47 [restartedMain] DEBUG c.n.d.s.MonitoredConnectionManager -

  Get connection: {}->http://localhost:8761, timeout = 5000
2020-07-27 21:19:47 [restartedMain] DEBUG c.n.d.shared.NamedConnectionPool -

  [{}->http://localhost:8761] total kept alive: 0, total issued: 0, total allocated: 0 out of 200
2020-07-27 21:19:47 [restartedMain] DEBUG c.n.d.shared.NamedConnectionPool -

  No free connections [{}->http://localhost:8761][null]
2020-07-27 21:19:47 [restartedMain] DEBUG c.n.d.shared.NamedConnectionPool -

  Available capacity: 50 out of 50 [{}->http://localhost:8761][null]
2020-07-27 21:19:47 [restartedMain] DEBUG c.n.d.shared.NamedConnectionPool -

  Creating new connection [{}->http://localhost:8761]
2020-07-27 21:19:56 [restartedMain] DEBUG c.n.d.s.MonitoredConnectionManager -

  Released connection is not reusable.
2020-07-27 21:19:56 [restartedMain] DEBUG c.n.d.shared.NamedConnectionPool -

  Releasing connection [{}->http://localhost:8761][null]
2020-07-27 21:19:56 [restartedMain] DEBUG c.n.d.shared.NamedConnectionPool -

  Notifying no-one, there are no waiting threads
2020-07-27 21:19:56 [restartedMain] DEBUG c.n.d.s.t.j.AbstractJerseyEurekaHttpClient -

  Jersey HTTP GET http://localhost:8761/eureka//apps/?; statusCode=N/A
2020-07-27 21:19:56 [restartedMain] ERROR c.n.d.s.t.d.RedirectingEurekaHttpClient -

  Request execution error. endpoint=DefaultEndpoint{ serviceUrl='http://localhost:8761/eureka/}
com.sun.jersey.api.client.ClientHandlerException: java.net.SocketTimeoutException: Read timed out
	at com.sun.jersey.client.apache4.ApacheHttpClient4Handler.handle(ApacheHttpClient4Handler.java:187)
	at com.sun.jersey.api.client.filter.GZIPContentEncodingFilter.handle(GZIPContentEncodingFilter.java:123)
	at com.netflix.discovery.EurekaIdentityHeaderFilter.handle(EurekaIdentityHeaderFilter.java:27)
	at com.sun.jersey.api.client.Client.handle(Client.java:652)
	at com.sun.jersey.api.client.WebResource.handle(WebResource.java:682)
	at com.sun.jersey.api.client.WebResource.access$200(WebResource.java:74)
	at com.sun.jersey.api.client.WebResource$Builder.get(WebResource.java:509)
	at com.netflix.discovery.shared.transport.jersey.AbstractJerseyEurekaHttpClient.getApplicationsInternal(AbstractJerseyEurekaHttpClient.java:196)
	at com.netflix.discovery.shared.transport.jersey.AbstractJerseyEurekaHttpClient.getApplications(AbstractJerseyEurekaHttpClient.java:167)
	at com.netflix.discovery.shared.transport.decorator.EurekaHttpClientDecorator$6.execute(EurekaHttpClientDecorator.java:137)
	at com.netflix.discovery.shared.transport.decorator.MetricsCollectingEurekaHttpClient.execute(MetricsCollectingEurekaHttpClient.java:73)
	at com.netflix.discovery.shared.transport.decorator.EurekaHttpClientDecorator.getApplications(EurekaHttpClientDecorator.java:134)
	at com.netflix.discovery.shared.transport.decorator.EurekaHttpClientDecorator$6.execute(EurekaHttpClientDecorator.java:137)
	at com.netflix.discovery.shared.transport.decorator.RedirectingEurekaHttpClient.executeOnNewServer(RedirectingEurekaHttpClient.java:118)
	at com.netflix.discovery.shared.transport.decorator.RedirectingEurekaHttpClient.execute(RedirectingEurekaHttpClient.java:79)
	at com.netflix.discovery.shared.transport.decorator.EurekaHttpClientDecorator.getApplications(EurekaHttpClientDecorator.java:134)
	at com.netflix.discovery.shared.transport.decorator.EurekaHttpClientDecorator$6.execute(EurekaHttpClientDecorator.java:137)
	at com.netflix.discovery.shared.transport.decorator.RetryableEurekaHttpClient.execute(RetryableEurekaHttpClient.java:120)
	at com.netflix.discovery.shared.transport.decorator.EurekaHttpClientDecorator.getApplications(EurekaHttpClientDecorator.java:134)
	at com.netflix.discovery.shared.transport.decorator.EurekaHttpClientDecorator$6.execute(EurekaHttpClientDecorator.java:137)
	at com.netflix.discovery.shared.transport.decorator.SessionedEurekaHttpClient.execute(SessionedEurekaHttpClient.java:77)
	at com.netflix.discovery.shared.transport.decorator.EurekaHttpClientDecorator.getApplications(EurekaHttpClientDecorator.java:134)
	at com.netflix.discovery.DiscoveryClient.getAndStoreFullRegistry(DiscoveryClient.java:1081)
	at com.netflix.discovery.DiscoveryClient.fetchRegistry(DiscoveryClient.java:995)
	at com.netflix.discovery.DiscoveryClient.<init>(DiscoveryClient.java:438)
	at com.netflix.discovery.DiscoveryClient.<init>(DiscoveryClient.java:282)
	at com.netflix.discovery.DiscoveryClient.<init>(DiscoveryClient.java:278)
	at org.springframework.cloud.netflix.eureka.CloudEurekaClient.<init>(CloudEurekaClient.java:67)
	at org.springframework.cloud.netflix.eureka.EurekaClientAutoConfiguration$RefreshableEurekaClientConfiguration.eurekaClient(EurekaClientAutoConfiguration.java:316)
	at sun.reflect.NativeMethodAccessorImpl.invoke0(Native Method)
	at sun.reflect.NativeMethodAccessorImpl.invoke(NativeMethodAccessorImpl.java:62)
	at sun.reflect.DelegatingMethodAccessorImpl.invoke(DelegatingMethodAccessorImpl.java:43)
	at java.lang.reflect.Method.invoke(Method.java:498)
	at org.springframework.beans.factory.support.SimpleInstantiationStrategy.instantiate(SimpleInstantiationStrategy.java:154)
	at org.springframework.beans.factory.support.ConstructorResolver.instantiate(ConstructorResolver.java:650)
	at org.springframework.beans.factory.support.ConstructorResolver.instantiateUsingFactoryMethod(ConstructorResolver.java:635)
	at org.springframework.beans.factory.support.AbstractAutowireCapableBeanFactory.instantiateUsingFactoryMethod(AbstractAutowireCapableBeanFactory.java:1338)
	at org.springframework.beans.factory.support.AbstractAutowireCapableBeanFactory.createBeanInstance(AbstractAutowireCapableBeanFactory.java:1177)
	at org.springframework.beans.factory.support.AbstractAutowireCapableBeanFactory.doCreateBean(AbstractAutowireCapableBeanFactory.java:557)
	at org.springframework.beans.factory.support.AbstractAutowireCapableBeanFactory.createBean(AbstractAutowireCapableBeanFactory.java:517)
	at org.springframework.beans.factory.support.AbstractBeanFactory.lambda$doGetBean$1(AbstractBeanFactory.java:359)
	at org.springframework.cloud.context.scope.GenericScope$BeanLifecycleWrapper.getBean(GenericScope.java:389)
	at org.springframework.cloud.context.scope.GenericScope.get(GenericScope.java:186)
	at org.springframework.beans.factory.support.AbstractBeanFactory.doGetBean(AbstractBeanFactory.java:356)
	at org.springframework.beans.factory.support.AbstractBeanFactory.getBean(AbstractBeanFactory.java:202)
	at org.springframework.aop.target.SimpleBeanTargetSource.getTarget(SimpleBeanTargetSource.java:35)
	at org.springframework.cloud.netflix.eureka.serviceregistry.EurekaRegistration.getTargetObject(EurekaRegistration.java:129)
	at org.springframework.cloud.netflix.eureka.serviceregistry.EurekaRegistration.getEurekaClient(EurekaRegistration.java:117)
	at sun.reflect.NativeMethodAccessorImpl.invoke0(Native Method)
	at sun.reflect.NativeMethodAccessorImpl.invoke(NativeMethodAccessorImpl.java:62)
	at sun.reflect.DelegatingMethodAccessorImpl.invoke(DelegatingMethodAccessorImpl.java:43)
	at java.lang.reflect.Method.invoke(Method.java:498)
	at org.springframework.util.ReflectionUtils.invokeMethod(ReflectionUtils.java:282)
	at org.springframework.cloud.context.scope.GenericScope$LockedScopedProxyFactoryBean.invoke(GenericScope.java:499)
	at org.springframework.aop.framework.ReflectiveMethodInvocation.proceed(ReflectiveMethodInvocation.java:186)
	at org.springframework.aop.framework.CglibAopProxy$CglibMethodInvocation.proceed(CglibAopProxy.java:749)
	at org.springframework.aop.framework.CglibAopProxy$DynamicAdvisedInterceptor.intercept(CglibAopProxy.java:691)
	at org.springframework.cloud.netflix.eureka.serviceregistry.EurekaRegistration$$EnhancerBySpringCGLIB$$e911fd56.getEurekaClient(<generated>)
	at org.springframework.cloud.netflix.eureka.serviceregistry.EurekaServiceRegistry.maybeInitializeClient(EurekaServiceRegistry.java:57)
	at org.springframework.cloud.netflix.eureka.serviceregistry.EurekaServiceRegistry.register(EurekaServiceRegistry.java:38)
	at org.springframework.cloud.netflix.eureka.serviceregistry.EurekaAutoServiceRegistration.start(EurekaAutoServiceRegistration.java:83)
	at org.springframework.context.support.DefaultLifecycleProcessor.doStart(DefaultLifecycleProcessor.java:182)
	at org.springframework.context.support.DefaultLifecycleProcessor.access$200(DefaultLifecycleProcessor.java:53)
	at org.springframework.context.support.DefaultLifecycleProcessor$LifecycleGroup.start(DefaultLifecycleProcessor.java:360)
	at org.springframework.context.support.DefaultLifecycleProcessor.startBeans(DefaultLifecycleProcessor.java:158)
	at org.springframework.context.support.DefaultLifecycleProcessor.onRefresh(DefaultLifecycleProcessor.java:122)
	at org.springframework.context.support.AbstractApplicationContext.finishRefresh(AbstractApplicationContext.java:895)
	at org.springframework.context.support.AbstractApplicationContext.refresh(AbstractApplicationContext.java:554)
	at org.springframework.boot.web.servlet.context.ServletWebServerApplicationContext.refresh(ServletWebServerApplicationContext.java:143)
	at org.springframework.boot.SpringApplication.refresh(SpringApplication.java:758)
	at org.springframework.boot.SpringApplication.refresh(SpringApplication.java:750)
	at org.springframework.boot.SpringApplication.refreshContext(SpringApplication.java:397)
	at org.springframework.boot.SpringApplication.run(SpringApplication.java:315)
	at org.springframework.boot.SpringApplication.run(SpringApplication.java:1237)
	at org.springframework.boot.SpringApplication.run(SpringApplication.java:1226)
	at com.Petkart3Application.main(Petkart3Application.java:13)
	at sun.reflect.NativeMethodAccessorImpl.invoke0(Native Method)
	at sun.reflect.NativeMethodAccessorImpl.invoke(NativeMethodAccessorImpl.java:62)
	at sun.reflect.DelegatingMethodAccessorImpl.invoke(DelegatingMethodAccessorImpl.java:43)
	at java.lang.reflect.Method.invoke(Method.java:498)
	at org.springframework.boot.devtools.restart.RestartLauncher.run(RestartLauncher.java:49)
Caused by: java.net.SocketTimeoutException: Read timed out
	at java.net.SocketInputStream.socketRead0(Native Method)
	at java.net.SocketInputStream.socketRead(SocketInputStream.java:116)
	at java.net.SocketInputStream.read(SocketInputStream.java:171)
	at java.net.SocketInputStream.read(SocketInputStream.java:141)
	at org.apache.http.impl.io.AbstractSessionInputBuffer.fillBuffer(AbstractSessionInputBuffer.java:161)
	at org.apache.http.impl.io.SocketInputBuffer.fillBuffer(SocketInputBuffer.java:82)
	at org.apache.http.impl.io.AbstractSessionInputBuffer.readLine(AbstractSessionInputBuffer.java:276)
	at org.apache.http.impl.conn.DefaultHttpResponseParser.parseHead(DefaultHttpResponseParser.java:138)
	at org.apache.http.impl.conn.DefaultHttpResponseParser.parseHead(DefaultHttpResponseParser.java:56)
	at org.apache.http.impl.io.AbstractMessageParser.parse(AbstractMessageParser.java:259)
	at org.apache.http.impl.AbstractHttpClientConnection.receiveResponseHeader(AbstractHttpClientConnection.java:294)
	at org.apache.http.impl.conn.DefaultClientConnection.receiveResponseHeader(DefaultClientConnection.java:257)
	at org.apache.http.impl.conn.AbstractClientConnAdapter.receiveResponseHeader(AbstractClientConnAdapter.java:230)
	at org.apache.http.protocol.HttpRequestExecutor.doReceiveResponse(HttpRequestExecutor.java:273)
	at org.apache.http.protocol.HttpRequestExecutor.execute(HttpRequestExecutor.java:125)
	at org.apache.http.impl.client.DefaultRequestDirector.tryExecute(DefaultRequestDirector.java:679)
	at org.apache.http.impl.client.DefaultRequestDirector.execute(DefaultRequestDirector.java:481)
	at org.apache.http.impl.client.AbstractHttpClient.doExecute(AbstractHttpClient.java:835)
	at org.apache.http.impl.client.CloseableHttpClient.execute(CloseableHttpClient.java:118)
	at org.apache.http.impl.client.CloseableHttpClient.execute(CloseableHttpClient.java:56)
	at com.sun.jersey.client.apache4.ApacheHttpClient4Handler.handle(ApacheHttpClient4Handler.java:173)
	... 80 common frames omitted
2020-07-27 21:19:56 [restartedMain] WARN  c.n.d.s.t.d.RetryableEurekaHttpClient -

  Request execution failed with message: java.net.SocketTimeoutException: Read timed out
2020-07-27 21:19:56 [restartedMain] ERROR c.netflix.discovery.DiscoveryClient -

  DiscoveryClient_PET/shekarchana:pet:8014 - was unable to refresh its cache! status = Cannot execute request on any known server
com.netflix.discovery.shared.transport.TransportException: Cannot execute request on any known server
	at com.netflix.discovery.shared.transport.decorator.RetryableEurekaHttpClient.execute(RetryableEurekaHttpClient.java:112)
	at com.netflix.discovery.shared.transport.decorator.EurekaHttpClientDecorator.getApplications(EurekaHttpClientDecorator.java:134)
	at com.netflix.discovery.shared.transport.decorator.EurekaHttpClientDecorator$6.execute(EurekaHttpClientDecorator.java:137)
	at com.netflix.discovery.shared.transport.decorator.SessionedEurekaHttpClient.execute(SessionedEurekaHttpClient.java:77)
	at com.netflix.discovery.shared.transport.decorator.EurekaHttpClientDecorator.getApplications(EurekaHttpClientDecorator.java:134)
	at com.netflix.discovery.DiscoveryClient.getAndStoreFullRegistry(DiscoveryClient.java:1081)
	at com.netflix.discovery.DiscoveryClient.fetchRegistry(DiscoveryClient.java:995)
	at com.netflix.discovery.DiscoveryClient.<init>(DiscoveryClient.java:438)
	at com.netflix.discovery.DiscoveryClient.<init>(DiscoveryClient.java:282)
	at com.netflix.discovery.DiscoveryClient.<init>(DiscoveryClient.java:278)
	at org.springframework.cloud.netflix.eureka.CloudEurekaClient.<init>(CloudEurekaClient.java:67)
	at org.springframework.cloud.netflix.eureka.EurekaClientAutoConfiguration$RefreshableEurekaClientConfiguration.eurekaClient(EurekaClientAutoConfiguration.java:316)
	at sun.reflect.NativeMethodAccessorImpl.invoke0(Native Method)
	at sun.reflect.NativeMethodAccessorImpl.invoke(NativeMethodAccessorImpl.java:62)
	at sun.reflect.DelegatingMethodAccessorImpl.invoke(DelegatingMethodAccessorImpl.java:43)
	at java.lang.reflect.Method.invoke(Method.java:498)
	at org.springframework.beans.factory.support.SimpleInstantiationStrategy.instantiate(SimpleInstantiationStrategy.java:154)
	at org.springframework.beans.factory.support.ConstructorResolver.instantiate(ConstructorResolver.java:650)
	at org.springframework.beans.factory.support.ConstructorResolver.instantiateUsingFactoryMethod(ConstructorResolver.java:635)
	at org.springframework.beans.factory.support.AbstractAutowireCapableBeanFactory.instantiateUsingFactoryMethod(AbstractAutowireCapableBeanFactory.java:1338)
	at org.springframework.beans.factory.support.AbstractAutowireCapableBeanFactory.createBeanInstance(AbstractAutowireCapableBeanFactory.java:1177)
	at org.springframework.beans.factory.support.AbstractAutowireCapableBeanFactory.doCreateBean(AbstractAutowireCapableBeanFactory.java:557)
	at org.springframework.beans.factory.support.AbstractAutowireCapableBeanFactory.createBean(AbstractAutowireCapableBeanFactory.java:517)
	at org.springframework.beans.factory.support.AbstractBeanFactory.lambda$doGetBean$1(AbstractBeanFactory.java:359)
	at org.springframework.cloud.context.scope.GenericScope$BeanLifecycleWrapper.getBean(GenericScope.java:389)
	at org.springframework.cloud.context.scope.GenericScope.get(GenericScope.java:186)
	at org.springframework.beans.factory.support.AbstractBeanFactory.doGetBean(AbstractBeanFactory.java:356)
	at org.springframework.beans.factory.support.AbstractBeanFactory.getBean(AbstractBeanFactory.java:202)
	at org.springframework.aop.target.SimpleBeanTargetSource.getTarget(SimpleBeanTargetSource.java:35)
	at org.springframework.cloud.netflix.eureka.serviceregistry.EurekaRegistration.getTargetObject(EurekaRegistration.java:129)
	at org.springframework.cloud.netflix.eureka.serviceregistry.EurekaRegistration.getEurekaClient(EurekaRegistration.java:117)
	at sun.reflect.NativeMethodAccessorImpl.invoke0(Native Method)
	at sun.reflect.NativeMethodAccessorImpl.invoke(NativeMethodAccessorImpl.java:62)
	at sun.reflect.DelegatingMethodAccessorImpl.invoke(DelegatingMethodAccessorImpl.java:43)
	at java.lang.reflect.Method.invoke(Method.java:498)
	at org.springframework.util.ReflectionUtils.invokeMethod(ReflectionUtils.java:282)
	at org.springframework.cloud.context.scope.GenericScope$LockedScopedProxyFactoryBean.invoke(GenericScope.java:499)
	at org.springframework.aop.framework.ReflectiveMethodInvocation.proceed(ReflectiveMethodInvocation.java:186)
	at org.springframework.aop.framework.CglibAopProxy$CglibMethodInvocation.proceed(CglibAopProxy.java:749)
	at org.springframework.aop.framework.CglibAopProxy$DynamicAdvisedInterceptor.intercept(CglibAopProxy.java:691)
	at org.springframework.cloud.netflix.eureka.serviceregistry.EurekaRegistration$$EnhancerBySpringCGLIB$$e911fd56.getEurekaClient(<generated>)
	at org.springframework.cloud.netflix.eureka.serviceregistry.EurekaServiceRegistry.maybeInitializeClient(EurekaServiceRegistry.java:57)
	at org.springframework.cloud.netflix.eureka.serviceregistry.EurekaServiceRegistry.register(EurekaServiceRegistry.java:38)
	at org.springframework.cloud.netflix.eureka.serviceregistry.EurekaAutoServiceRegistration.start(EurekaAutoServiceRegistration.java:83)
	at org.springframework.context.support.DefaultLifecycleProcessor.doStart(DefaultLifecycleProcessor.java:182)
	at org.springframework.context.support.DefaultLifecycleProcessor.access$200(DefaultLifecycleProcessor.java:53)
	at org.springframework.context.support.DefaultLifecycleProcessor$LifecycleGroup.start(DefaultLifecycleProcessor.java:360)
	at org.springframework.context.support.DefaultLifecycleProcessor.startBeans(DefaultLifecycleProcessor.java:158)
	at org.springframework.context.support.DefaultLifecycleProcessor.onRefresh(DefaultLifecycleProcessor.java:122)
	at org.springframework.context.support.AbstractApplicationContext.finishRefresh(AbstractApplicationContext.java:895)
	at org.springframework.context.support.AbstractApplicationContext.refresh(AbstractApplicationContext.java:554)
	at org.springframework.boot.web.servlet.context.ServletWebServerApplicationContext.refresh(ServletWebServerApplicationContext.java:143)
	at org.springframework.boot.SpringApplication.refresh(SpringApplication.java:758)
	at org.springframework.boot.SpringApplication.refresh(SpringApplication.java:750)
	at org.springframework.boot.SpringApplication.refreshContext(SpringApplication.java:397)
	at org.springframework.boot.SpringApplication.run(SpringApplication.java:315)
	at org.springframework.boot.SpringApplication.run(SpringApplication.java:1237)
	at org.springframework.boot.SpringApplication.run(SpringApplication.java:1226)
	at com.Petkart3Application.main(Petkart3Application.java:13)
	at sun.reflect.NativeMethodAccessorImpl.invoke0(Native Method)
	at sun.reflect.NativeMethodAccessorImpl.invoke(NativeMethodAccessorImpl.java:62)
	at sun.reflect.DelegatingMethodAccessorImpl.invoke(DelegatingMethodAccessorImpl.java:43)
	at java.lang.reflect.Method.invoke(Method.java:498)
	at org.springframework.boot.devtools.restart.RestartLauncher.run(RestartLauncher.java:49)
2020-07-27 21:19:56 [restartedMain] WARN  c.netflix.discovery.DiscoveryClient -

  Using default backup registry implementation which does not do anything.
2020-07-27 21:19:56 [restartedMain] INFO  c.netflix.discovery.DiscoveryClient -

  Starting heartbeat executor: renew interval is: 30
2020-07-27 21:19:56 [restartedMain] INFO  c.n.discovery.InstanceInfoReplicator -

  InstanceInfoReplicator onDemand update allowed rate per min is 4
2020-07-27 21:19:57 [restartedMain] INFO  c.netflix.discovery.DiscoveryClient -

  Discovery Client initialized at timestamp 1595864996877 with initial instances count: 0
2020-07-27 21:19:57 [restartedMain] INFO  c.netflix.discovery.DiscoveryClient -

  Saw local status change event StatusChangeEvent [timestamp=1595864997177, current=UP, previous=STARTING]
2020-07-27 21:19:57 [DiscoveryClient-InstanceInfoReplicator-0] DEBUG c.n.discovery.InstanceInfoReplicator -

  Executing on-demand update of local InstanceInfo
2020-07-27 21:19:57 [DiscoveryClient-InstanceInfoReplicator-0] DEBUG c.n.discovery.InstanceInfoReplicator -

  Canceling the latest scheduled update, it will be rescheduled at the end of on demand update
2020-07-27 21:19:57 [DiscoveryClient-InstanceInfoReplicator-0] INFO  c.netflix.discovery.DiscoveryClient -

  DiscoveryClient_PET/shekarchana:pet:8014: registering service...
2020-07-27 21:19:57 [DiscoveryClient-InstanceInfoReplicator-0] DEBUG c.n.d.s.t.d.SessionedEurekaHttpClient -

  Ending a session and starting anew
2020-07-27 21:19:57 [DiscoveryClient-InstanceInfoReplicator-0] DEBUG c.n.d.s.t.j.AbstractJerseyEurekaHttpClient -

  Created client for url: http://localhost:8761/eureka/
2020-07-27 21:19:57 [DiscoveryClient-InstanceInfoReplicator-0] DEBUG c.n.d.s.MonitoredConnectionManager -

  Get connection: {}->http://localhost:8761, timeout = 5000
2020-07-27 21:19:57 [DiscoveryClient-InstanceInfoReplicator-0] DEBUG c.n.d.shared.NamedConnectionPool -

  [{}->http://localhost:8761] total kept alive: 0, total issued: 0, total allocated: 0 out of 200
2020-07-27 21:19:57 [DiscoveryClient-InstanceInfoReplicator-0] DEBUG c.n.d.shared.NamedConnectionPool -

  No free connections [{}->http://localhost:8761][null]
2020-07-27 21:19:57 [DiscoveryClient-InstanceInfoReplicator-0] DEBUG c.n.d.shared.NamedConnectionPool -

  Available capacity: 50 out of 50 [{}->http://localhost:8761][null]
2020-07-27 21:19:57 [DiscoveryClient-InstanceInfoReplicator-0] DEBUG c.n.d.shared.NamedConnectionPool -

  Creating new connection [{}->http://localhost:8761]
2020-07-27 21:20:06 [DiscoveryClient-InstanceInfoReplicator-0] DEBUG c.n.d.s.MonitoredConnectionManager -

  Released connection is not reusable.
2020-07-27 21:20:06 [DiscoveryClient-InstanceInfoReplicator-0] DEBUG c.n.d.shared.NamedConnectionPool -

  Releasing connection [{}->http://localhost:8761][null]
2020-07-27 21:20:06 [DiscoveryClient-InstanceInfoReplicator-0] DEBUG c.n.d.shared.NamedConnectionPool -

  Notifying no-one, there are no waiting threads
2020-07-27 21:20:06 [DiscoveryClient-InstanceInfoReplicator-0] DEBUG c.n.d.s.t.j.AbstractJerseyEurekaHttpClient -

  Jersey HTTP POST http://localhost:8761/eureka//apps/PET with instance shekarchana:pet:8014; statusCode=N/A
2020-07-27 21:20:06 [DiscoveryClient-InstanceInfoReplicator-0] ERROR c.n.d.s.t.d.RedirectingEurekaHttpClient -

  Request execution error. endpoint=DefaultEndpoint{ serviceUrl='http://localhost:8761/eureka/}
com.sun.jersey.api.client.ClientHandlerException: java.net.SocketTimeoutException: Read timed out
	at com.sun.jersey.client.apache4.ApacheHttpClient4Handler.handle(ApacheHttpClient4Handler.java:187)
	at com.sun.jersey.api.client.filter.GZIPContentEncodingFilter.handle(GZIPContentEncodingFilter.java:123)
	at com.netflix.discovery.EurekaIdentityHeaderFilter.handle(EurekaIdentityHeaderFilter.java:27)
	at com.sun.jersey.api.client.Client.handle(Client.java:652)
	at com.sun.jersey.api.client.WebResource.handle(WebResource.java:682)
	at com.sun.jersey.api.client.WebResource.access$200(WebResource.java:74)
	at com.sun.jersey.api.client.WebResource$Builder.post(WebResource.java:570)
	at com.netflix.discovery.shared.transport.jersey.AbstractJerseyEurekaHttpClient.register(AbstractJerseyEurekaHttpClient.java:57)
	at com.netflix.discovery.shared.transport.decorator.EurekaHttpClientDecorator$1.execute(EurekaHttpClientDecorator.java:59)
	at com.netflix.discovery.shared.transport.decorator.MetricsCollectingEurekaHttpClient.execute(MetricsCollectingEurekaHttpClient.java:73)
	at com.netflix.discovery.shared.transport.decorator.EurekaHttpClientDecorator.register(EurekaHttpClientDecorator.java:56)
	at com.netflix.discovery.shared.transport.decorator.EurekaHttpClientDecorator$1.execute(EurekaHttpClientDecorator.java:59)
	at com.netflix.discovery.shared.transport.decorator.RedirectingEurekaHttpClient.executeOnNewServer(RedirectingEurekaHttpClient.java:118)
	at com.netflix.discovery.shared.transport.decorator.RedirectingEurekaHttpClient.execute(RedirectingEurekaHttpClient.java:79)
	at com.netflix.discovery.shared.transport.decorator.EurekaHttpClientDecorator.register(EurekaHttpClientDecorator.java:56)
	at com.netflix.discovery.shared.transport.decorator.EurekaHttpClientDecorator$1.execute(EurekaHttpClientDecorator.java:59)
	at com.netflix.discovery.shared.transport.decorator.RetryableEurekaHttpClient.execute(RetryableEurekaHttpClient.java:120)
	at com.netflix.discovery.shared.transport.decorator.EurekaHttpClientDecorator.register(EurekaHttpClientDecorator.java:56)
	at com.netflix.discovery.shared.transport.decorator.EurekaHttpClientDecorator$1.execute(EurekaHttpClientDecorator.java:59)
	at com.netflix.discovery.shared.transport.decorator.SessionedEurekaHttpClient.execute(SessionedEurekaHttpClient.java:77)
	at com.netflix.discovery.shared.transport.decorator.EurekaHttpClientDecorator.register(EurekaHttpClientDecorator.java:56)
	at com.netflix.discovery.DiscoveryClient.register(DiscoveryClient.java:857)
	at com.netflix.discovery.InstanceInfoReplicator.run(InstanceInfoReplicator.java:121)
	at com.netflix.discovery.InstanceInfoReplicator$1.run(InstanceInfoReplicator.java:101)
	at java.util.concurrent.Executors$RunnableAdapter.call(Executors.java:511)
	at java.util.concurrent.FutureTask.run(FutureTask.java:266)
	at java.util.concurrent.ScheduledThreadPoolExecutor$ScheduledFutureTask.access$201(ScheduledThreadPoolExecutor.java:180)
	at java.util.concurrent.ScheduledThreadPoolExecutor$ScheduledFutureTask.run(ScheduledThreadPoolExecutor.java:293)
	at java.util.concurrent.ThreadPoolExecutor.runWorker(ThreadPoolExecutor.java:1149)
	at java.util.concurrent.ThreadPoolExecutor$Worker.run(ThreadPoolExecutor.java:624)
	at java.lang.Thread.run(Thread.java:748)
Caused by: java.net.SocketTimeoutException: Read timed out
	at java.net.SocketInputStream.socketRead0(Native Method)
	at java.net.SocketInputStream.socketRead(SocketInputStream.java:116)
	at java.net.SocketInputStream.read(SocketInputStream.java:171)
	at java.net.SocketInputStream.read(SocketInputStream.java:141)
	at org.apache.http.impl.io.AbstractSessionInputBuffer.fillBuffer(AbstractSessionInputBuffer.java:161)
	at org.apache.http.impl.io.SocketInputBuffer.fillBuffer(SocketInputBuffer.java:82)
	at org.apache.http.impl.io.AbstractSessionInputBuffer.readLine(AbstractSessionInputBuffer.java:276)
	at org.apache.http.impl.conn.DefaultHttpResponseParser.parseHead(DefaultHttpResponseParser.java:138)
	at org.apache.http.impl.conn.DefaultHttpResponseParser.parseHead(DefaultHttpResponseParser.java:56)
	at org.apache.http.impl.io.AbstractMessageParser.parse(AbstractMessageParser.java:259)
	at org.apache.http.impl.AbstractHttpClientConnection.receiveResponseHeader(AbstractHttpClientConnection.java:294)
	at org.apache.http.impl.conn.DefaultClientConnection.receiveResponseHeader(DefaultClientConnection.java:257)
	at org.apache.http.impl.conn.AbstractClientConnAdapter.receiveResponseHeader(AbstractClientConnAdapter.java:230)
	at org.apache.http.protocol.HttpRequestExecutor.doReceiveResponse(HttpRequestExecutor.java:273)
	at org.apache.http.protocol.HttpRequestExecutor.execute(HttpRequestExecutor.java:125)
	at org.apache.http.impl.client.DefaultRequestDirector.tryExecute(DefaultRequestDirector.java:679)
	at org.apache.http.impl.client.DefaultRequestDirector.execute(DefaultRequestDirector.java:481)
	at org.apache.http.impl.client.AbstractHttpClient.doExecute(AbstractHttpClient.java:835)
	at org.apache.http.impl.client.CloseableHttpClient.execute(CloseableHttpClient.java:118)
	at org.apache.http.impl.client.CloseableHttpClient.execute(CloseableHttpClient.java:56)
	at com.sun.jersey.client.apache4.ApacheHttpClient4Handler.handle(ApacheHttpClient4Handler.java:173)
	... 30 common frames omitted
2020-07-27 21:20:06 [DiscoveryClient-InstanceInfoReplicator-0] WARN  c.n.d.s.t.d.RetryableEurekaHttpClient -

  Request execution failed with message: java.net.SocketTimeoutException: Read timed out
2020-07-27 21:20:06 [DiscoveryClient-InstanceInfoReplicator-0] WARN  c.netflix.discovery.DiscoveryClient -

  DiscoveryClient_PET/shekarchana:pet:8014 - registration failed Cannot execute request on any known server
com.netflix.discovery.shared.transport.TransportException: Cannot execute request on any known server
	at com.netflix.discovery.shared.transport.decorator.RetryableEurekaHttpClient.execute(RetryableEurekaHttpClient.java:112)
	at com.netflix.discovery.shared.transport.decorator.EurekaHttpClientDecorator.register(EurekaHttpClientDecorator.java:56)
	at com.netflix.discovery.shared.transport.decorator.EurekaHttpClientDecorator$1.execute(EurekaHttpClientDecorator.java:59)
	at com.netflix.discovery.shared.transport.decorator.SessionedEurekaHttpClient.execute(SessionedEurekaHttpClient.java:77)
	at com.netflix.discovery.shared.transport.decorator.EurekaHttpClientDecorator.register(EurekaHttpClientDecorator.java:56)
	at com.netflix.discovery.DiscoveryClient.register(DiscoveryClient.java:857)
	at com.netflix.discovery.InstanceInfoReplicator.run(InstanceInfoReplicator.java:121)
	at com.netflix.discovery.InstanceInfoReplicator$1.run(InstanceInfoReplicator.java:101)
	at java.util.concurrent.Executors$RunnableAdapter.call(Executors.java:511)
	at java.util.concurrent.FutureTask.run(FutureTask.java:266)
	at java.util.concurrent.ScheduledThreadPoolExecutor$ScheduledFutureTask.access$201(ScheduledThreadPoolExecutor.java:180)
	at java.util.concurrent.ScheduledThreadPoolExecutor$ScheduledFutureTask.run(ScheduledThreadPoolExecutor.java:293)
	at java.util.concurrent.ThreadPoolExecutor.runWorker(ThreadPoolExecutor.java:1149)
	at java.util.concurrent.ThreadPoolExecutor$Worker.run(ThreadPoolExecutor.java:624)
	at java.lang.Thread.run(Thread.java:748)
2020-07-27 21:20:06 [DiscoveryClient-InstanceInfoReplicator-0] WARN  c.n.discovery.InstanceInfoReplicator -

  There was a problem with the instance info replicator
com.netflix.discovery.shared.transport.TransportException: Cannot execute request on any known server
	at com.netflix.discovery.shared.transport.decorator.RetryableEurekaHttpClient.execute(RetryableEurekaHttpClient.java:112)
	at com.netflix.discovery.shared.transport.decorator.EurekaHttpClientDecorator.register(EurekaHttpClientDecorator.java:56)
	at com.netflix.discovery.shared.transport.decorator.EurekaHttpClientDecorator$1.execute(EurekaHttpClientDecorator.java:59)
	at com.netflix.discovery.shared.transport.decorator.SessionedEurekaHttpClient.execute(SessionedEurekaHttpClient.java:77)
	at com.netflix.discovery.shared.transport.decorator.EurekaHttpClientDecorator.register(EurekaHttpClientDecorator.java:56)
	at com.netflix.discovery.DiscoveryClient.register(DiscoveryClient.java:857)
	at com.netflix.discovery.InstanceInfoReplicator.run(InstanceInfoReplicator.java:121)
	at com.netflix.discovery.InstanceInfoReplicator$1.run(InstanceInfoReplicator.java:101)
	at java.util.concurrent.Executors$RunnableAdapter.call(Executors.java:511)
	at java.util.concurrent.FutureTask.run(FutureTask.java:266)
	at java.util.concurrent.ScheduledThreadPoolExecutor$ScheduledFutureTask.access$201(ScheduledThreadPoolExecutor.java:180)
	at java.util.concurrent.ScheduledThreadPoolExecutor$ScheduledFutureTask.run(ScheduledThreadPoolExecutor.java:293)
	at java.util.concurrent.ThreadPoolExecutor.runWorker(ThreadPoolExecutor.java:1149)
	at java.util.concurrent.ThreadPoolExecutor$Worker.run(ThreadPoolExecutor.java:624)
	at java.lang.Thread.run(Thread.java:748)
2020-07-27 21:20:10 [Apache-HttpClient-Conn-Cleaner2] DEBUG c.n.d.s.MonitoredConnectionManager -

  Closing connections idle longer than 30 SECONDS
2020-07-27 21:20:10 [Apache-HttpClient-Conn-Cleaner2] DEBUG c.n.d.shared.NamedConnectionPool -

  Closing connections idle longer than 30 SECONDS
2020-07-27 21:20:15 [restartedMain] INFO  c.netflix.discovery.DiscoveryClient -

  Shutting down DiscoveryClient ...
2020-07-27 21:20:18 [restartedMain] INFO  c.netflix.discovery.DiscoveryClient -

  Unregistering ...
2020-07-27 21:20:18 [restartedMain] DEBUG c.n.d.s.t.d.RetryableEurekaHttpClient -

  Clearing quarantined list of size 1
2020-07-27 21:20:18 [restartedMain] DEBUG c.n.d.s.t.j.AbstractJerseyEurekaHttpClient -

  Created client for url: http://localhost:8761/eureka/
2020-07-27 21:20:18 [restartedMain] DEBUG c.n.d.s.MonitoredConnectionManager -

  Get connection: {}->http://localhost:8761, timeout = 5000
2020-07-27 21:20:18 [restartedMain] DEBUG c.n.d.shared.NamedConnectionPool -

  [{}->http://localhost:8761] total kept alive: 0, total issued: 0, total allocated: 0 out of 200
2020-07-27 21:20:18 [restartedMain] DEBUG c.n.d.shared.NamedConnectionPool -

  No free connections [{}->http://localhost:8761][null]
2020-07-27 21:20:18 [restartedMain] DEBUG c.n.d.shared.NamedConnectionPool -

  Available capacity: 50 out of 50 [{}->http://localhost:8761][null]
2020-07-27 21:20:18 [restartedMain] DEBUG c.n.d.shared.NamedConnectionPool -

  Creating new connection [{}->http://localhost:8761]
2020-07-27 21:20:20 [restartedMain] DEBUG c.n.d.s.MonitoredConnectionManager -

  Released connection is reusable.
2020-07-27 21:20:20 [restartedMain] DEBUG c.n.d.shared.NamedConnectionPool -

  Releasing connection [{}->http://localhost:8761][null]
2020-07-27 21:20:20 [restartedMain] DEBUG c.n.d.shared.NamedConnectionPool -

  Pooling connection [{}->http://localhost:8761][null]; keep alive for 60000 MILLISECONDS
2020-07-27 21:20:20 [restartedMain] DEBUG c.n.d.shared.NamedConnectionPool -

  Notifying no-one, there are no waiting threads
2020-07-27 21:20:20 [restartedMain] DEBUG c.n.d.s.t.j.AbstractJerseyEurekaHttpClient -

  Jersey HTTP DELETE http://localhost:8761/eureka//apps/PET/shekarchana:pet:8014; statusCode=404
2020-07-27 21:20:20 [restartedMain] DEBUG c.n.d.s.t.d.RedirectingEurekaHttpClient -

  Pinning to endpoint null
2020-07-27 21:20:20 [restartedMain] INFO  c.netflix.discovery.DiscoveryClient -

  DiscoveryClient_PET/shekarchana:pet:8014 - deregister  status: 404
2020-07-27 21:20:21 [restartedMain] DEBUG c.n.d.s.MonitoredConnectionManager -

  Closing connections idle longer than 0 SECONDS
2020-07-27 21:20:21 [restartedMain] DEBUG c.n.d.shared.NamedConnectionPool -

  Closing connections idle longer than 0 SECONDS
2020-07-27 21:20:21 [restartedMain] DEBUG c.n.d.shared.NamedConnectionPool -

  Closing connection last used @ Mon Jul 27 21:20:20 IST 2020
2020-07-27 21:20:21 [restartedMain] DEBUG c.n.d.shared.NamedConnectionPool -

  Deleting connection [{}->http://localhost:8761][null]
2020-07-27 21:20:21 [restartedMain] DEBUG c.n.d.s.MonitoredConnectionManager -

  Shutting down
2020-07-27 21:20:21 [restartedMain] INFO  c.netflix.discovery.DiscoveryClient -

  Completed shut down of DiscoveryClient
